#
# A fatal error has been detected by the Java Runtime Environment:
#
#  EXCEPTION_ACCESS_VIOLATION (0xc0000005) at pc=0x00007ffd6fb95039, pid=892, tid=604
#
# JRE version: OpenJDK Runtime Environment (11.0.13) (build 11.0.13+0-b1751.21-8125866)
# Java VM: OpenJDK 64-Bit Server VM (11.0.13+0-b1751.21-8125866, mixed mode, tiered, compressed oops, g1 gc, windows-amd64)
# Problematic frame:
# V  [jvm.dll+0x2e5039]
#
# No core dump will be written. Minidumps are not enabled by default on client versions of Windows
#
# If you would like to submit a bug report, please visit:
#   https://bugreport.java.com/bugreport/crash.jsp
#

---------------  S U M M A R Y ------------

Command Line: --add-opens=java.base/java.util=ALL-UNNAMED --add-opens=java.base/java.lang=ALL-UNNAMED --add-opens=java.base/java.lang.invoke=ALL-UNNAMED --add-opens=java.base/java.util=ALL-UNNAMED --add-opens=java.prefs/java.util.prefs=ALL-UNNAMED --add-opens=java.prefs/java.util.prefs=ALL-UNNAMED --add-opens=java.base/java.nio.charset=ALL-UNNAMED --add-opens=java.base/java.net=ALL-UNNAMED --add-opens=java.base/java.util.concurrent.atomic=ALL-UNNAMED -Xmx2048m -Dfile.encoding=UTF-8 -Duser.country=MX -Duser.language=es -Duser.variant org.gradle.launcher.daemon.bootstrap.GradleDaemon 7.4

Host: AMD Phenom(tm) II X4 B95 Processor, 4 cores, 7G,  Windows 10 , 64 bit Build 19041 (10.0.19041.1889)
Time: Tue Nov  1 09:47:40 2022 Hora estándar central (México) elapsed time: 39.573815 seconds (0d 0h 0m 39s)

---------------  T H R E A D  ---------------

Current thread (0x0000013b549bd800):  ConcurrentGCThread "G1 Conc#0" [stack: 0x0000001dcfe00000,0x0000001dcff00000] [id=604]

Stack: [0x0000001dcfe00000,0x0000001dcff00000],  sp=0x0000001dcfeff2e0,  free space=1020k
Native frames: (J=compiled Java code, j=interpreted, Vv=VM code, C=native code)
V  [jvm.dll+0x2e5039]
V  [jvm.dll+0x2ea02b]
V  [jvm.dll+0x2f0671]
V  [jvm.dll+0x2f1caf]
V  [jvm.dll+0x771260]
V  [jvm.dll+0x706a75]
V  [jvm.dll+0x60ed66]
C  [ucrtbase.dll+0x21bb2]
C  [KERNEL32.DLL+0x17034]
C  [ntdll.dll+0x526a1]


siginfo: EXCEPTION_ACCESS_VIOLATION (0xc0000005), reading address 0x0000000000000160


Register to memory mapping:

RIP=0x00007ffd6fb95039 jvm.dll
RAX=0x0 is NULL
RBX=0x0000000000000080 is an unknown value
RCX=0x0000013b549b3f10 points into unknown readable memory: 0x0000013b549bd000 | 00 d0 9b 54 3b 01 00 00
RDX=0x0 is NULL
RSP=0x0000001dcfeff2e0 points into unknown readable memory: 0x0000000080559f00 | 00 9f 55 80 00 00 00 00
RBP=0x0000013b549b3f10 points into unknown readable memory: 0x0000013b549bd000 | 00 d0 9b 54 3b 01 00 00
RSI=0x0000000100027ae8 is pointing into metadata
RDI=0x00000000890f601c is pointing into object: java.util.Hashtable$Entry 
{0x00000000890f6000} - klass: 'java/util/Hashtable$Entry'
R8 =0x0 is NULL
R9 =0x0000000000000080 is an unknown value
R10=0x0000013b549b3f10 points into unknown readable memory: 0x0000013b549bd000 | 00 d0 9b 54 3b 01 00 00
R11=0x0000001dcfeff380 points into unknown readable memory: 0x00007ffd700f95f8 | f8 95 0f 70 fd 7f 00 00
R12=0x0 is NULL
R13=0x0 is NULL
R14=0x0 is NULL
R15=0x00000000890f6000 is an oop: java.util.Hashtable$Entry 
{0x00000000890f6000} - klass: 'java/util/Hashtable$Entry'


Registers:
RAX=0x0000000000000000, RBX=0x0000000000000080, RCX=0x0000013b549b3f10, RDX=0x0000000000000000
RSP=0x0000001dcfeff2e0, RBP=0x0000013b549b3f10, RSI=0x0000000100027ae8, RDI=0x00000000890f601c
R8 =0x0000000000000000, R9 =0x0000000000000080, R10=0x0000013b549b3f10, R11=0x0000001dcfeff380
R12=0x0000000000000000, R13=0x0000000000000000, R14=0x0000000000000000, R15=0x00000000890f6000
RIP=0x00007ffd6fb95039, EFLAGS=0x0000000000010202

Top of Stack: (sp=0x0000001dcfeff2e0)
0x0000001dcfeff2e0:   0000000080559f00 0000000100027ae8
0x0000001dcfeff2f0:   00000000890f5f50 00000000890f5f50
0x0000001dcfeff300:   0000000100027af0 00007ffd6fb9a02b
0x0000001dcfeff310:   0000000100027ae8 00000000890f6000
0x0000001dcfeff320:   00000000890f6018 0000001dcfeff380
0x0000001dcfeff330:   0000000000000000 0000000000000000
0x0000001dcfeff340:   000000000000000c 00007ffd70273320
0x0000001dcfeff350:   0000000000000004 00007ffd6fba0671
0x0000001dcfeff360:   0000000000000000 0000000100027890
0x0000001dcfeff370:   0000000089100000 00000000890f6000
0x0000001dcfeff380:   00007ffd700f95f8 0000000000000000
0x0000001dcfeff390:   0000013b5497fe90 0000013b549b3f10
0x0000001dcfeff3a0:   0000000000000000 0000000000000000
0x0000001dcfeff3b0:   0000000000000000 0000001dcfdff030
0x0000001dcfeff3c0:   0000000000000000 00007ffd6fba1caf
0x0000001dcfeff3d0:   0000013b549b3fb8 0000013b5497cef0 

Instructions: (pc=0x00007ffd6fb95039)
0x00007ffd6fb94f39:   00 00 00 00 48 8b fa 4c 8b ca 49 8b 42 08 8b 53
0x00007ffd6fb94f49:   10 8b 88 c0 02 00 00 48 8b 80 b0 02 00 00 49 d3
0x00007ffd6fb94f59:   e8 49 8b ca 4e 8b 04 c0 e8 ba 00 00 00 84 c0 75
0x00007ffd6fb94f69:   0b 48 8b 5c 24 48 48 83 c4 30 5f c3 48 8b 43 20
0x00007ffd6fb94f79:   48 8b 88 d8 02 00 00 48 8b 83 98 00 00 00 48 85
0x00007ffd6fb94f89:   c0 74 0e 48 3b f8 72 0e 48 3b bb a0 00 00 00 72
0x00007ffd6fb94f99:   77 48 3b f9 73 72 80 3d 33 32 74 00 00 74 15 8b
0x00007ffd6fb94fa9:   47 08 8b 0d 67 9e 6f 00 48 d3 e0 48 03 05 55 9e
0x00007ffd6fb94fb9:   6f 00 eb 04 48 8b 47 08 81 78 08 00 00 00 c0 72
0x00007ffd6fb94fc9:   35 48 8b 83 b0 00 00 00 48 39 83 a8 00 00 00 73
0x00007ffd6fb94fd9:   10 48 8b 83 c8 00 00 00 48 39 83 c0 00 00 00 72
0x00007ffd6fb94fe9:   27 48 8b cb e8 0e a5 00 00 b0 01 48 8b 5c 24 48
0x00007ffd6fb94ff9:   48 83 c4 30 5f c3 48 8d 54 24 40 48 89 7c 24 40
0x00007ffd6fb95009:   48 8b cb e8 6f 19 00 00 b0 01 48 8b 5c 24 48 48
0x00007ffd6fb95019:   83 c4 30 5f c3 cc cc 48 89 5c 24 18 48 89 6c 24
0x00007ffd6fb95029:   20 41 56 48 83 ec 20 49 8b d9 44 8b f2 48 8b e9
0x00007ffd6fb95039:   4d 3b 88 60 01 00 00 72 13 32 c0 48 8b 5c 24 40
0x00007ffd6fb95049:   48 8b 6c 24 48 48 83 c4 20 41 5e c3 48 8b 81 90
0x00007ffd6fb95059:   00 00 00 48 8b d3 48 89 74 24 30 48 2b 10 8b 48
0x00007ffd6fb95069:   10 48 c1 ea 03 48 d3 ea 48 8d 48 18 e8 b6 e0 e2
0x00007ffd6fb95079:   ff 0f b6 f0 84 c0 74 6f 48 89 7c 24 38 48 8b 7c
0x00007ffd6fb95089:   24 50 48 85 ff 75 2d 40 38 3d 42 31 74 00 74 15
0x00007ffd6fb95099:   8b 53 08 8b 0d 76 9d 6f 00 48 d3 e2 48 03 15 64
0x00007ffd6fb950a9:   9d 6f 00 eb 04 48 8b 53 08 48 8b cb e8 86 d2 ea
0x00007ffd6fb950b9:   ff 48 63 f8 48 8b 85 f0 02 00 00 8b 0d c6 38 74
0x00007ffd6fb950c9:   00 4a 8b 14 f0 48 8b 42 18 48 8b 40 10 48 2b d8
0x00007ffd6fb950d9:   48 d3 eb 48 8d 4a 38 8b d3 e8 b9 e4 ff ff 48 01
0x00007ffd6fb950e9:   78 08 48 8b 7c 24 38 48 8b 5c 24 40 40 0f b6 c6
0x00007ffd6fb950f9:   48 8b 74 24 30 48 8b 6c 24 48 48 83 c4 20 41 5e
0x00007ffd6fb95109:   c3 cc cc cc cc cc cc 4c 8b 81 b8 02 00 00 48 8b
0x00007ffd6fb95119:   81 a8 02 00 00 8b 91 c0 02 00 00 49 03 c0 8b ca
0x00007ffd6fb95129:   48 d3 e0 49 d3 e0 49 2b c0 48 83 e0 f8 c3 cc cc 


Stack slot to memory mapping:
stack at sp + 0 slots: 0x0000000080559f00 is an oop: java.lang.Boolean 
{0x0000000080559f00} - klass: 'java/lang/Boolean'
stack at sp + 1 slots: 0x0000000100027ae8 is pointing into metadata
stack at sp + 2 slots: 0x00000000890f5f50 is an oop: java.lang.ref.WeakReference 
{0x00000000890f5f50} - klass: 'java/lang/ref/WeakReference'
stack at sp + 3 slots: 0x00000000890f5f50 is an oop: java.lang.ref.WeakReference 
{0x00000000890f5f50} - klass: 'java/lang/ref/WeakReference'
stack at sp + 4 slots: 0x0000000100027af0 is a pointer to class: 
stack at sp + 5 slots: 0x00007ffd6fb9a02b jvm.dll
stack at sp + 6 slots: 0x0000000100027ae8 is pointing into metadata
stack at sp + 7 slots: 0x00000000890f6000 is an oop: java.util.Hashtable$Entry 
{0x00000000890f6000} - klass: 'java/util/Hashtable$Entry'


---------------  P R O C E S S  ---------------

Threads class SMR info:
_java_thread_list=0x0000013b7728f9f0, length=79, elements={
0x0000013b54973000, 0x0000013b6e56f800, 0x0000013b6e573800, 0x0000013b6ef22800,
0x0000013b6e58d000, 0x0000013b6e58e000, 0x0000013b6e590800, 0x0000013b6e598000,
0x0000013b6e59e000, 0x0000013b6f05f000, 0x0000013b71a14800, 0x0000013b6fc8a800,
0x0000013b6ff1a800, 0x0000013b6feb4800, 0x0000013b6f648000, 0x0000013b6fa85000,
0x0000013b701ec800, 0x0000013b71a7c800, 0x0000013b6fd66800, 0x0000013b721bc800,
0x0000013b71097000, 0x0000013b71096000, 0x0000013b71094800, 0x0000013b71099800,
0x0000013b71098000, 0x0000013b71098800, 0x0000013b71095800, 0x0000013b71093800,
0x0000013b7109a000, 0x0000013b708a4000, 0x0000013b7089f000, 0x0000013b708a1800,
0x0000013b708a0000, 0x0000013b708a3800, 0x0000013b708a2800, 0x0000013b7089e800,
0x0000013b708aa800, 0x0000013b708a8000, 0x0000013b708a6800, 0x0000013b708a5000,
0x0000013b708aa000, 0x0000013b708ab800, 0x0000013b708a7800, 0x0000013b708a9000,
0x0000013b708a6000, 0x0000013b708ac800, 0x0000013b708ad000, 0x0000013b6fc97000,
0x0000013b6fc94800, 0x0000013b6fc9b000, 0x0000013b6fc99800, 0x0000013b6fc98000,
0x0000013b6fc99000, 0x0000013b6fc96800, 0x0000013b6fc9a800, 0x0000013b6fc95800,
0x0000013b6fca1800, 0x0000013b6fc9c000, 0x0000013b6fca2800, 0x0000013b6fc9d000,
0x0000013b6fca3800, 0x0000013b6fc9d800, 0x0000013b6fca1000, 0x0000013b6fc9e800,
0x0000013b6fc9f800, 0x0000013b6fca0000, 0x0000013b72902800, 0x0000013b72900000,
0x0000013b728fe800, 0x0000013b728ff000, 0x0000013b72901000, 0x0000013b72901800,
0x0000013b72903800, 0x0000013b728fd800, 0x0000013b72905800, 0x0000013b72907800,
0x0000013b72906800, 0x0000013b7290a000, 0x0000013b74c93000
}

Java Threads: ( => current thread )
  0x0000013b54973000 JavaThread "main" [_thread_blocked, id=4084, stack(0x0000001dcfb00000,0x0000001dcfc00000)]
  0x0000013b6e56f800 JavaThread "Reference Handler" daemon [_thread_blocked, id=10292, stack(0x0000001dd0200000,0x0000001dd0300000)]
  0x0000013b6e573800 JavaThread "Finalizer" daemon [_thread_blocked, id=8636, stack(0x0000001dd0300000,0x0000001dd0400000)]
  0x0000013b6ef22800 JavaThread "Signal Dispatcher" daemon [_thread_blocked, id=11048, stack(0x0000001dd0400000,0x0000001dd0500000)]
  0x0000013b6e58d000 JavaThread "Attach Listener" daemon [_thread_blocked, id=7792, stack(0x0000001dd0500000,0x0000001dd0600000)]
  0x0000013b6e58e000 JavaThread "Service Thread" daemon [_thread_blocked, id=7692, stack(0x0000001dd0600000,0x0000001dd0700000)]
  0x0000013b6e590800 JavaThread "C2 CompilerThread0" daemon [_thread_in_native, id=3236, stack(0x0000001dd0700000,0x0000001dd0800000)]
  0x0000013b6e598000 JavaThread "C1 CompilerThread0" daemon [_thread_blocked, id=12124, stack(0x0000001dd0800000,0x0000001dd0900000)]
  0x0000013b6e59e000 JavaThread "Sweeper thread" daemon [_thread_blocked, id=6812, stack(0x0000001dd0900000,0x0000001dd0a00000)]
  0x0000013b6f05f000 JavaThread "Common-Cleaner" daemon [_thread_blocked, id=6236, stack(0x0000001dd0a00000,0x0000001dd0b00000)]
  0x0000013b71a14800 JavaThread "Daemon health stats" [_thread_blocked, id=7288, stack(0x0000001dd0f00000,0x0000001dd1000000)]
  0x0000013b6fc8a800 JavaThread "Incoming local TCP Connector on port 3863" [_thread_in_native, id=11040, stack(0x0000001dd0e00000,0x0000001dd0f00000)]
  0x0000013b6ff1a800 JavaThread "Daemon periodic checks" [_thread_blocked, id=11980, stack(0x0000001dd1000000,0x0000001dd1100000)]
  0x0000013b6feb4800 JavaThread "Daemon" [_thread_blocked, id=3472, stack(0x0000001dd1200000,0x0000001dd1300000)]
  0x0000013b6f648000 JavaThread "Handler for socket connection from /127.0.0.1:3863 to /127.0.0.1:3864" [_thread_in_native, id=8756, stack(0x0000001dd1300000,0x0000001dd1400000)]
  0x0000013b6fa85000 JavaThread "Cancel handler" [_thread_blocked, id=11772, stack(0x0000001dd1400000,0x0000001dd1500000)]
  0x0000013b701ec800 JavaThread "Daemon worker" [_thread_in_vm, id=5644, stack(0x0000001dd1500000,0x0000001dd1600000)]
  0x0000013b71a7c800 JavaThread "Asynchronous log dispatcher for DefaultDaemonConnection: socket connection from /127.0.0.1:3863 to /127.0.0.1:3864" [_thread_blocked, id=7048, stack(0x0000001dd1700000,0x0000001dd1800000)]
  0x0000013b6fd66800 JavaThread "Stdin handler" [_thread_blocked, id=468, stack(0x0000001dd1800000,0x0000001dd1900000)]
  0x0000013b721bc800 JavaThread "Daemon client event forwarder" [_thread_blocked, id=5228, stack(0x0000001dd1900000,0x0000001dd1a00000)]
  0x0000013b71097000 JavaThread "Cache worker for journal cache (C:\Users\Kawaiski\.gradle\caches\journal-1)" [_thread_blocked, id=6024, stack(0x0000001dd1600000,0x0000001dd1700000)]
  0x0000013b71096000 JavaThread "File lock request listener" [_thread_in_native, id=7760, stack(0x0000001dd1a00000,0x0000001dd1b00000)]
  0x0000013b71094800 JavaThread "Cache worker for file hash cache (C:\Users\Kawaiski\.gradle\caches\7.4\fileHashes)" [_thread_blocked, id=3536, stack(0x0000001dd1b00000,0x0000001dd1c00000)]
  0x0000013b71099800 JavaThread "File watcher server" daemon [_thread_in_native, id=10108, stack(0x0000001dd1c00000,0x0000001dd1d00000)]
  0x0000013b71098000 JavaThread "File watcher consumer" daemon [_thread_blocked, id=272, stack(0x0000001dd1d00000,0x0000001dd1e00000)]
  0x0000013b71098800 JavaThread "jar transforms" [_thread_blocked, id=740, stack(0x0000001dd1e00000,0x0000001dd1f00000)]
  0x0000013b71095800 JavaThread "jar transforms Thread 2" [_thread_blocked, id=1232, stack(0x0000001dd1f00000,0x0000001dd2000000)]
  0x0000013b71093800 JavaThread "jar transforms Thread 3" [_thread_blocked, id=12148, stack(0x0000001dd2000000,0x0000001dd2100000)]
  0x0000013b7109a000 JavaThread "jar transforms Thread 4" [_thread_blocked, id=6444, stack(0x0000001dd2100000,0x0000001dd2200000)]
  0x0000013b708a4000 JavaThread "Cache worker for checksums cache (C:\Users\Kawaiski\AndroidStudioProjects\ProyectoDesarrolloMovil\.gradle\7.4\checksums)" [_thread_blocked, id=2872, stack(0x0000001dd2200000,0x0000001dd2300000)]
  0x0000013b7089f000 JavaThread "Cache worker for cache directory md-rule (C:\Users\Kawaiski\.gradle\caches\7.4\md-rule)" [_thread_blocked, id=10428, stack(0x0000001dd2300000,0x0000001dd2400000)]
  0x0000013b708a1800 JavaThread "Cache worker for file hash cache (C:\Users\Kawaiski\AndroidStudioProjects\ProyectoDesarrolloMovil\.gradle\7.4\fileHashes)" [_thread_blocked, id=6948, stack(0x0000001dd2400000,0x0000001dd2500000)]
  0x0000013b708a0000 JavaThread "Cache worker for cache directory md-supplier (C:\Users\Kawaiski\.gradle\caches\7.4\md-supplier)" [_thread_blocked, id=8412, stack(0x0000001dd2500000,0x0000001dd2600000)]
  0x0000013b708a3800 JavaThread "Cache worker for execution history cache (C:\Users\Kawaiski\.gradle\caches\7.4\executionHistory)" [_thread_blocked, id=9756, stack(0x0000001dd2600000,0x0000001dd2700000)]
  0x0000013b708a2800 JavaThread "Cache worker for file content cache (C:\Users\Kawaiski\.gradle\caches\7.4\fileContent)" [_thread_blocked, id=5664, stack(0x0000001dd2800000,0x0000001dd2900000)]
  0x0000013b7089e800 JavaThread "Cache worker for dependencies-accessors (C:\Users\Kawaiski\AndroidStudioProjects\ProyectoDesarrolloMovil\.gradle\7.4\dependencies-accessors)" [_thread_blocked, id=4364, stack(0x0000001dd2900000,0x0000001dd2a00000)]
  0x0000013b708aa800 JavaThread "Cache worker for Build Output Cleanup Cache (C:\Users\Kawaiski\AndroidStudioProjects\ProyectoDesarrolloMovil\.gradle\buildOutputCleanup)" [_thread_blocked, id=3340, stack(0x0000001dd2a00000,0x0000001dd2b00000)]
  0x0000013b708a8000 JavaThread "Unconstrained build operations" [_thread_blocked, id=5592, stack(0x0000001dd2700000,0x0000001dd2800000)]
  0x0000013b708a6800 JavaThread "Unconstrained build operations Thread 2" [_thread_blocked, id=4648, stack(0x0000001dd2b00000,0x0000001dd2c00000)]
  0x0000013b708a5000 JavaThread "Unconstrained build operations Thread 3" [_thread_blocked, id=5724, stack(0x0000001dd2c00000,0x0000001dd2d00000)]
  0x0000013b708aa000 JavaThread "Unconstrained build operations Thread 4" [_thread_blocked, id=11160, stack(0x0000001dd2d00000,0x0000001dd2e00000)]
  0x0000013b708ab800 JavaThread "Unconstrained build operations Thread 5" [_thread_blocked, id=8016, stack(0x0000001dd2e00000,0x0000001dd2f00000)]
  0x0000013b708a7800 JavaThread "Unconstrained build operations Thread 6" [_thread_blocked, id=11448, stack(0x0000001dd2f00000,0x0000001dd3000000)]
  0x0000013b708a9000 JavaThread "Unconstrained build operations Thread 7" [_thread_blocked, id=5284, stack(0x0000001dd3000000,0x0000001dd3100000)]
  0x0000013b708a6000 JavaThread "Unconstrained build operations Thread 8" [_thread_blocked, id=7468, stack(0x0000001dd3100000,0x0000001dd3200000)]
  0x0000013b708ac800 JavaThread "Unconstrained build operations Thread 9" [_thread_blocked, id=1132, stack(0x0000001dd3200000,0x0000001dd3300000)]
  0x0000013b708ad000 JavaThread "Unconstrained build operations Thread 10" [_thread_blocked, id=612, stack(0x0000001dd3300000,0x0000001dd3400000)]
  0x0000013b6fc97000 JavaThread "Unconstrained build operations Thread 11" [_thread_blocked, id=1800, stack(0x0000001dd3400000,0x0000001dd3500000)]
  0x0000013b6fc94800 JavaThread "Unconstrained build operations Thread 12" [_thread_blocked, id=5612, stack(0x0000001dd3500000,0x0000001dd3600000)]
  0x0000013b6fc9b000 JavaThread "Unconstrained build operations Thread 13" [_thread_blocked, id=11020, stack(0x0000001dd3600000,0x0000001dd3700000)]
  0x0000013b6fc99800 JavaThread "Unconstrained build operations Thread 14" [_thread_blocked, id=11144, stack(0x0000001dd3700000,0x0000001dd3800000)]
  0x0000013b6fc98000 JavaThread "Unconstrained build operations Thread 15" [_thread_blocked, id=268, stack(0x0000001dd3800000,0x0000001dd3900000)]
  0x0000013b6fc99000 JavaThread "Unconstrained build operations Thread 16" [_thread_blocked, id=4384, stack(0x0000001dd3900000,0x0000001dd3a00000)]
  0x0000013b6fc96800 JavaThread "Unconstrained build operations Thread 17" [_thread_blocked, id=1200, stack(0x0000001dd3a00000,0x0000001dd3b00000)]
  0x0000013b6fc9a800 JavaThread "Unconstrained build operations Thread 18" [_thread_blocked, id=9548, stack(0x0000001dd3b00000,0x0000001dd3c00000)]
  0x0000013b6fc95800 JavaThread "Unconstrained build operations Thread 19" [_thread_blocked, id=7128, stack(0x0000001dd3c00000,0x0000001dd3d00000)]
  0x0000013b6fca1800 JavaThread "Unconstrained build operations Thread 20" [_thread_blocked, id=4784, stack(0x0000001dd3d00000,0x0000001dd3e00000)]
  0x0000013b6fc9c000 JavaThread "Unconstrained build operations Thread 21" [_thread_blocked, id=7704, stack(0x0000001dd3e00000,0x0000001dd3f00000)]
  0x0000013b6fca2800 JavaThread "Unconstrained build operations Thread 22" [_thread_blocked, id=3484, stack(0x0000001dd3f00000,0x0000001dd4000000)]
  0x0000013b6fc9d000 JavaThread "Unconstrained build operations Thread 23" [_thread_blocked, id=2016, stack(0x0000001dd4000000,0x0000001dd4100000)]
  0x0000013b6fca3800 JavaThread "Unconstrained build operations Thread 24" [_thread_blocked, id=596, stack(0x0000001dd4100000,0x0000001dd4200000)]
  0x0000013b6fc9d800 JavaThread "Unconstrained build operations Thread 25" [_thread_blocked, id=4252, stack(0x0000001dd4200000,0x0000001dd4300000)]
  0x0000013b6fca1000 JavaThread "Unconstrained build operations Thread 26" [_thread_blocked, id=11744, stack(0x0000001dd4300000,0x0000001dd4400000)]
  0x0000013b6fc9e800 JavaThread "Unconstrained build operations Thread 27" [_thread_blocked, id=7332, stack(0x0000001dd4400000,0x0000001dd4500000)]
  0x0000013b6fc9f800 JavaThread "Unconstrained build operations Thread 28" [_thread_blocked, id=9496, stack(0x0000001dd4500000,0x0000001dd4600000)]
  0x0000013b6fca0000 JavaThread "Unconstrained build operations Thread 29" [_thread_blocked, id=5140, stack(0x0000001dd4600000,0x0000001dd4700000)]
  0x0000013b72902800 JavaThread "Unconstrained build operations Thread 30" [_thread_blocked, id=3060, stack(0x0000001dd4700000,0x0000001dd4800000)]
  0x0000013b72900000 JavaThread "Unconstrained build operations Thread 31" [_thread_blocked, id=8172, stack(0x0000001dd4800000,0x0000001dd4900000)]
  0x0000013b728fe800 JavaThread "Unconstrained build operations Thread 32" [_thread_blocked, id=10544, stack(0x0000001dd4900000,0x0000001dd4a00000)]
  0x0000013b728ff000 JavaThread "Unconstrained build operations Thread 33" [_thread_blocked, id=10024, stack(0x0000001dd4a00000,0x0000001dd4b00000)]
  0x0000013b72901000 JavaThread "Unconstrained build operations Thread 34" [_thread_blocked, id=10508, stack(0x0000001dd4b00000,0x0000001dd4c00000)]
  0x0000013b72901800 JavaThread "Unconstrained build operations Thread 35" [_thread_blocked, id=11664, stack(0x0000001dd4c00000,0x0000001dd4d00000)]
  0x0000013b72903800 JavaThread "Unconstrained build operations Thread 36" [_thread_blocked, id=8816, stack(0x0000001dd4d00000,0x0000001dd4e00000)]
  0x0000013b728fd800 JavaThread "Unconstrained build operations Thread 37" [_thread_blocked, id=4484, stack(0x0000001dd4e00000,0x0000001dd4f00000)]
  0x0000013b72905800 JavaThread "Unconstrained build operations Thread 38" [_thread_blocked, id=7156, stack(0x0000001dd4f00000,0x0000001dd5000000)]
  0x0000013b72907800 JavaThread "Unconstrained build operations Thread 39" [_thread_blocked, id=12048, stack(0x0000001dd5000000,0x0000001dd5100000)]
  0x0000013b72906800 JavaThread "Unconstrained build operations Thread 40" [_thread_blocked, id=632, stack(0x0000001dd5100000,0x0000001dd5200000)]
  0x0000013b7290a000 JavaThread "Memory manager" [_thread_blocked, id=2528, stack(0x0000001dd5300000,0x0000001dd5400000)]
  0x0000013b74c93000 JavaThread "C2 CompilerThread1" daemon [_thread_in_native, id=6796, stack(0x0000001dd5200000,0x0000001dd5300000)]

Other Threads:
  0x0000013b6e56b000 VMThread "VM Thread" [stack: 0x0000001dd0100000,0x0000001dd0200000] [id=12108]
  0x0000013b6f07f000 WatcherThread [stack: 0x0000001dd0b00000,0x0000001dd0c00000] [id=7380]
  0x0000013b5498b000 GCTaskThread "GC Thread#0" [stack: 0x0000001dcfc00000,0x0000001dcfd00000] [id=6008]
  0x0000013b6f84c000 GCTaskThread "GC Thread#1" [stack: 0x0000001dd0c00000,0x0000001dd0d00000] [id=10744]
  0x0000013b6f282800 GCTaskThread "GC Thread#2" [stack: 0x0000001dd0d00000,0x0000001dd0e00000] [id=9096]
  0x0000013b6fef0800 GCTaskThread "GC Thread#3" [stack: 0x0000001dd1100000,0x0000001dd1200000] [id=1592]
  0x0000013b549bd000 ConcurrentGCThread "G1 Main Marker" [stack: 0x0000001dcfd00000,0x0000001dcfe00000] [id=3824]
=>0x0000013b549bd800 ConcurrentGCThread "G1 Conc#0" [stack: 0x0000001dcfe00000,0x0000001dcff00000] [id=604]
  0x0000013b54a49800 ConcurrentGCThread "G1 Refine#0" [stack: 0x0000001dcff00000,0x0000001dd0000000] [id=360]
  0x0000013b54a4a800 ConcurrentGCThread "G1 Young RemSet Sampling" [stack: 0x0000001dd0000000,0x0000001dd0100000] [id=4016]

Threads with active compile tasks:
C2 CompilerThread0  39672 8290 %     4       org.gradle.internal.instantiation.generator.AbstractClassGenerator::inspectType @ 207 (560 bytes)
C2 CompilerThread1  39672 8298       4       com.sun.beans.TypeResolver::resolve (37 bytes)

VM state:not at safepoint (normal execution)

VM Mutex/Monitor currently owned by a thread: None

Heap address: 0x0000000080000000, size: 2048 MB, Compressed Oops mode: 32-bit
Narrow klass base: 0x0000000000000000, Narrow klass shift: 3
Compressed class space size: 1073741824 Address: 0x0000000100000000

Heap:
 garbage-first heap   total 227328K, used 111176K [0x0000000080000000, 0x0000000100000000)
  region size 1024K, 6 young (6144K), 5 survivors (5120K)
 Metaspace       used 79305K, capacity 81412K, committed 81536K, reserved 1120256K
  class space    used 10311K, capacity 11077K, committed 11136K, reserved 1048576K
Heap Regions: E=young(eden), S=young(survivor), O=old, HS=humongous(starts), HC=humongous(continues), CS=collection set, F=free, A=archive, TAMS=top-at-mark-start (previous, next)
|   0|0x0000000080000000, 0x0000000080100000, 0x0000000080100000|100%|HS|  |TAMS 0x0000000080100000, 0x0000000080100000| Complete 
|   1|0x0000000080100000, 0x0000000080200000, 0x0000000080200000|100%|HC|  |TAMS 0x0000000080200000, 0x0000000080200000| Complete 
|   2|0x0000000080200000, 0x0000000080300000, 0x0000000080300000|100%|HC|  |TAMS 0x0000000080300000, 0x0000000080300000| Complete 
|   3|0x0000000080300000, 0x0000000080400000, 0x0000000080400000|100%| O|  |TAMS 0x0000000080400000, 0x0000000080400000| Untracked 
|   4|0x0000000080400000, 0x0000000080500000, 0x0000000080500000|100%| O|  |TAMS 0x0000000080500000, 0x0000000080500000| Untracked 
|   5|0x0000000080500000, 0x0000000080600000, 0x0000000080600000|100%| O|  |TAMS 0x0000000080600000, 0x0000000080600000| Untracked 
|   6|0x0000000080600000, 0x0000000080700000, 0x0000000080700000|100%| O|  |TAMS 0x0000000080700000, 0x0000000080700000| Untracked 
|   7|0x0000000080700000, 0x0000000080800000, 0x0000000080800000|100%| O|  |TAMS 0x0000000080800000, 0x0000000080800000| Untracked 
|   8|0x0000000080800000, 0x0000000080900000, 0x0000000080900000|100%| O|  |TAMS 0x0000000080900000, 0x0000000080900000| Untracked 
|   9|0x0000000080900000, 0x0000000080a00000, 0x0000000080a00000|100%| O|  |TAMS 0x0000000080a00000, 0x0000000080a00000| Untracked 
|  10|0x0000000080a00000, 0x0000000080b00000, 0x0000000080b00000|100%| O|  |TAMS 0x0000000080b00000, 0x0000000080b00000| Untracked 
|  11|0x0000000080b00000, 0x0000000080c00000, 0x0000000080c00000|100%| O|  |TAMS 0x0000000080c00000, 0x0000000080c00000| Untracked 
|  12|0x0000000080c00000, 0x0000000080d00000, 0x0000000080d00000|100%| O|  |TAMS 0x0000000080d00000, 0x0000000080d00000| Untracked 
|  13|0x0000000080d00000, 0x0000000080e00000, 0x0000000080e00000|100%| O|  |TAMS 0x0000000080e00000, 0x0000000080e00000| Untracked 
|  14|0x0000000080e00000, 0x0000000080f00000, 0x0000000080f00000|100%| O|  |TAMS 0x0000000080f00000, 0x0000000080f00000| Untracked 
|  15|0x0000000080f00000, 0x0000000081000000, 0x0000000081000000|100%|HS|  |TAMS 0x0000000081000000, 0x0000000081000000| Complete 
|  16|0x0000000081000000, 0x0000000081100000, 0x0000000081100000|100%|HC|  |TAMS 0x0000000081100000, 0x0000000081100000| Complete 
|  17|0x0000000081100000, 0x0000000081200000, 0x0000000081200000|100%|HS|  |TAMS 0x0000000081200000, 0x0000000081200000| Complete 
|  18|0x0000000081200000, 0x0000000081300000, 0x0000000081300000|100%|HC|  |TAMS 0x0000000081300000, 0x0000000081300000| Complete 
|  19|0x0000000081300000, 0x0000000081400000, 0x0000000081400000|100%|HC|  |TAMS 0x0000000081400000, 0x0000000081400000| Complete 
|  20|0x0000000081400000, 0x0000000081500000, 0x0000000081500000|100%|HS|  |TAMS 0x0000000081500000, 0x0000000081500000| Complete 
|  21|0x0000000081500000, 0x0000000081600000, 0x0000000081600000|100%|HC|  |TAMS 0x0000000081600000, 0x0000000081600000| Complete 
|  22|0x0000000081600000, 0x0000000081700000, 0x0000000081700000|100%|HC|  |TAMS 0x0000000081700000, 0x0000000081700000| Complete 
|  23|0x0000000081700000, 0x0000000081800000, 0x0000000081800000|100%|HS|  |TAMS 0x0000000081800000, 0x0000000081800000| Complete 
|  24|0x0000000081800000, 0x0000000081900000, 0x0000000081900000|100%|HC|  |TAMS 0x0000000081900000, 0x0000000081900000| Complete 
|  25|0x0000000081900000, 0x0000000081a00000, 0x0000000081a00000|100%|HC|  |TAMS 0x0000000081a00000, 0x0000000081a00000| Complete 
|  26|0x0000000081a00000, 0x0000000081b00000, 0x0000000081b00000|100%|HC|  |TAMS 0x0000000081b00000, 0x0000000081b00000| Complete 
|  27|0x0000000081b00000, 0x0000000081c00000, 0x0000000081c00000|100%|HC|  |TAMS 0x0000000081c00000, 0x0000000081c00000| Complete 
|  28|0x0000000081c00000, 0x0000000081d00000, 0x0000000081d00000|100%|HS|  |TAMS 0x0000000081d00000, 0x0000000081d00000| Complete 
|  29|0x0000000081d00000, 0x0000000081e00000, 0x0000000081e00000|100%|HS|  |TAMS 0x0000000081e00000, 0x0000000081e00000| Complete 
|  30|0x0000000081e00000, 0x0000000081f00000, 0x0000000081f00000|100%|HC|  |TAMS 0x0000000081f00000, 0x0000000081f00000| Complete 
|  31|0x0000000081f00000, 0x0000000082000000, 0x0000000082000000|100%|HC|  |TAMS 0x0000000082000000, 0x0000000082000000| Complete 
|  32|0x0000000082000000, 0x0000000082100000, 0x0000000082100000|100%|HC|  |TAMS 0x0000000082100000, 0x0000000082100000| Complete 
|  33|0x0000000082100000, 0x0000000082200000, 0x0000000082200000|100%| O|  |TAMS 0x0000000082200000, 0x0000000082200000| Untracked 
|  34|0x0000000082200000, 0x0000000082300000, 0x0000000082300000|100%| O|  |TAMS 0x0000000082300000, 0x0000000082300000| Untracked 
|  35|0x0000000082300000, 0x0000000082400000, 0x0000000082400000|100%| O|  |TAMS 0x0000000082400000, 0x0000000082400000| Untracked 
|  36|0x0000000082400000, 0x0000000082500000, 0x0000000082500000|100%| O|  |TAMS 0x0000000082500000, 0x0000000082500000| Untracked 
|  37|0x0000000082500000, 0x0000000082600000, 0x0000000082600000|100%| O|  |TAMS 0x0000000082600000, 0x0000000082600000| Untracked 
|  38|0x0000000082600000, 0x0000000082700000, 0x0000000082700000|100%| O|  |TAMS 0x0000000082700000, 0x0000000082700000| Untracked 
|  39|0x0000000082700000, 0x0000000082800000, 0x0000000082800000|100%| O|  |TAMS 0x0000000082800000, 0x0000000082800000| Untracked 
|  40|0x0000000082800000, 0x0000000082900000, 0x0000000082900000|100%| O|  |TAMS 0x0000000082900000, 0x0000000082900000| Untracked 
|  41|0x0000000082900000, 0x0000000082a00000, 0x0000000082a00000|100%| O|  |TAMS 0x0000000082a00000, 0x0000000082a00000| Untracked 
|  42|0x0000000082a00000, 0x0000000082b00000, 0x0000000082b00000|100%| O|  |TAMS 0x0000000082b00000, 0x0000000082b00000| Untracked 
|  43|0x0000000082b00000, 0x0000000082c00000, 0x0000000082c00000|100%|HS|  |TAMS 0x0000000082c00000, 0x0000000082c00000| Complete 
|  44|0x0000000082c00000, 0x0000000082d00000, 0x0000000082d00000|100%|HC|  |TAMS 0x0000000082d00000, 0x0000000082d00000| Complete 
|  45|0x0000000082d00000, 0x0000000082e00000, 0x0000000082e00000|100%|HC|  |TAMS 0x0000000082e00000, 0x0000000082e00000| Complete 
|  46|0x0000000082e00000, 0x0000000082f00000, 0x0000000082f00000|100%|HC|  |TAMS 0x0000000082f00000, 0x0000000082f00000| Complete 
|  47|0x0000000082f00000, 0x0000000083000000, 0x0000000083000000|100%|HS|  |TAMS 0x0000000083000000, 0x0000000083000000| Complete 
|  48|0x0000000083000000, 0x0000000083100000, 0x0000000083100000|100%|HC|  |TAMS 0x0000000083100000, 0x0000000083100000| Complete 
|  49|0x0000000083100000, 0x0000000083200000, 0x0000000083200000|100%|HC|  |TAMS 0x0000000083200000, 0x0000000083200000| Complete 
|  50|0x0000000083200000, 0x0000000083300000, 0x0000000083300000|100%|HS|  |TAMS 0x0000000083300000, 0x0000000083300000| Complete 
|  51|0x0000000083300000, 0x0000000083400000, 0x0000000083400000|100%|HC|  |TAMS 0x0000000083400000, 0x0000000083400000| Complete 
|  52|0x0000000083400000, 0x0000000083500000, 0x0000000083500000|100%| O|  |TAMS 0x0000000083500000, 0x0000000083500000| Untracked 
|  53|0x0000000083500000, 0x0000000083600000, 0x0000000083600000|100%| O|  |TAMS 0x0000000083600000, 0x0000000083600000| Untracked 
|  54|0x0000000083600000, 0x0000000083700000, 0x0000000083700000|100%| O|  |TAMS 0x0000000083700000, 0x0000000083700000| Untracked 
|  55|0x0000000083700000, 0x0000000083800000, 0x0000000083800000|100%| O|  |TAMS 0x0000000083800000, 0x0000000083800000| Untracked 
|  56|0x0000000083800000, 0x0000000083900000, 0x0000000083900000|100%| O|  |TAMS 0x0000000083900000, 0x0000000083900000| Untracked 
|  57|0x0000000083900000, 0x0000000083a00000, 0x0000000083a00000|100%| O|  |TAMS 0x0000000083a00000, 0x0000000083a00000| Untracked 
|  58|0x0000000083a00000, 0x0000000083b00000, 0x0000000083b00000|100%| O|  |TAMS 0x0000000083b00000, 0x0000000083b00000| Untracked 
|  59|0x0000000083b00000, 0x0000000083c00000, 0x0000000083c00000|100%| O|  |TAMS 0x0000000083c00000, 0x0000000083c00000| Untracked 
|  60|0x0000000083c00000, 0x0000000083d00000, 0x0000000083d00000|100%|HS|  |TAMS 0x0000000083d00000, 0x0000000083d00000| Complete 
|  61|0x0000000083d00000, 0x0000000083e00000, 0x0000000083e00000|100%|HC|  |TAMS 0x0000000083e00000, 0x0000000083e00000| Complete 
|  62|0x0000000083e00000, 0x0000000083f00000, 0x0000000083f00000|100%|HC|  |TAMS 0x0000000083f00000, 0x0000000083f00000| Complete 
|  63|0x0000000083f00000, 0x0000000084000000, 0x0000000084000000|100%| O|  |TAMS 0x0000000084000000, 0x0000000084000000| Untracked 
|  64|0x0000000084000000, 0x0000000084100000, 0x0000000084100000|100%| O|  |TAMS 0x0000000084100000, 0x0000000084100000| Untracked 
|  65|0x0000000084100000, 0x0000000084200000, 0x0000000084200000|100%| O|  |TAMS 0x0000000084200000, 0x0000000084200000| Untracked 
|  66|0x0000000084200000, 0x0000000084300000, 0x0000000084300000|100%| O|  |TAMS 0x0000000084300000, 0x0000000084300000| Untracked 
|  67|0x0000000084300000, 0x0000000084400000, 0x0000000084400000|100%| O|  |TAMS 0x0000000084400000, 0x0000000084400000| Untracked 
|  68|0x0000000084400000, 0x0000000084500000, 0x0000000084500000|100%|HS|  |TAMS 0x0000000084500000, 0x0000000084500000| Complete 
|  69|0x0000000084500000, 0x0000000084600000, 0x0000000084600000|100%|HC|  |TAMS 0x0000000084600000, 0x0000000084600000| Complete 
|  70|0x0000000084600000, 0x0000000084700000, 0x0000000084700000|100%|HC|  |TAMS 0x0000000084700000, 0x0000000084700000| Complete 
|  71|0x0000000084700000, 0x0000000084800000, 0x0000000084800000|100%|HC|  |TAMS 0x0000000084800000, 0x0000000084800000| Complete 
|  72|0x0000000084800000, 0x0000000084900000, 0x0000000084900000|100%|HC|  |TAMS 0x0000000084900000, 0x0000000084900000| Complete 
|  73|0x0000000084900000, 0x0000000084a00000, 0x0000000084a00000|100%| O|  |TAMS 0x0000000084a00000, 0x0000000084a00000| Untracked 
|  74|0x0000000084a00000, 0x0000000084b00000, 0x0000000084b00000|100%| O|  |TAMS 0x0000000084b00000, 0x0000000084b00000| Untracked 
|  75|0x0000000084b00000, 0x0000000084c00000, 0x0000000084c00000|100%|HS|  |TAMS 0x0000000084c00000, 0x0000000084c00000| Complete 
|  76|0x0000000084c00000, 0x0000000084d00000, 0x0000000084d00000|100%|HS|  |TAMS 0x0000000084d00000, 0x0000000084d00000| Complete 
|  77|0x0000000084d00000, 0x0000000084e00000, 0x0000000084e00000|100%| O|  |TAMS 0x0000000084e00000, 0x0000000084e00000| Untracked 
|  78|0x0000000084e00000, 0x0000000084f00000, 0x0000000084f00000|100%| O|  |TAMS 0x0000000084f00000, 0x0000000084f00000| Untracked 
|  79|0x0000000084f00000, 0x0000000085000000, 0x0000000085000000|100%| O|  |TAMS 0x0000000085000000, 0x0000000085000000| Untracked 
|  80|0x0000000085000000, 0x0000000085100000, 0x0000000085100000|100%| O|  |TAMS 0x0000000085100000, 0x0000000085100000| Untracked 
|  81|0x0000000085100000, 0x0000000085200000, 0x0000000085200000|100%| O|  |TAMS 0x0000000085200000, 0x0000000085200000| Untracked 
|  82|0x0000000085200000, 0x0000000085300000, 0x0000000085300000|100%| O|  |TAMS 0x0000000085300000, 0x0000000085300000| Untracked 
|  83|0x0000000085300000, 0x0000000085400000, 0x0000000085400000|100%| O|  |TAMS 0x0000000085400000, 0x0000000085400000| Untracked 
|  84|0x0000000085400000, 0x0000000085500000, 0x0000000085500000|100%| O|  |TAMS 0x0000000085500000, 0x0000000085500000| Untracked 
|  85|0x0000000085500000, 0x0000000085600000, 0x0000000085600000|100%|HS|  |TAMS 0x0000000085600000, 0x0000000085600000| Complete 
|  86|0x0000000085600000, 0x0000000085700000, 0x0000000085700000|100%|HC|  |TAMS 0x0000000085700000, 0x0000000085700000| Complete 
|  87|0x0000000085700000, 0x0000000085800000, 0x0000000085800000|100%| O|  |TAMS 0x0000000085800000, 0x0000000085800000| Untracked 
|  88|0x0000000085800000, 0x0000000085900000, 0x0000000085900000|100%| O|  |TAMS 0x0000000085900000, 0x0000000085900000| Untracked 
|  89|0x0000000085900000, 0x0000000085a00000, 0x0000000085a00000|100%| O|  |TAMS 0x0000000085a00000, 0x0000000085a00000| Untracked 
|  90|0x0000000085a00000, 0x0000000085b00000, 0x0000000085b00000|100%| O|  |TAMS 0x0000000085b00000, 0x0000000085b00000| Untracked 
|  91|0x0000000085b00000, 0x0000000085c00000, 0x0000000085c00000|100%| O|  |TAMS 0x0000000085c00000, 0x0000000085c00000| Untracked 
|  92|0x0000000085c00000, 0x0000000085d00000, 0x0000000085d00000|100%| O|  |TAMS 0x0000000085ccb000, 0x0000000085d00000| Untracked 
|  93|0x0000000085d00000, 0x0000000085e00000, 0x0000000085e00000|100%| O|  |TAMS 0x0000000085e00000, 0x0000000085e00000| Untracked 
|  94|0x0000000085e00000, 0x0000000085f00000, 0x0000000085f00000|100%| O|  |TAMS 0x0000000085f00000, 0x0000000085f00000| Untracked 
|  95|0x0000000085f00000, 0x0000000086000000, 0x0000000086000000|100%| O|  |TAMS 0x0000000086000000, 0x0000000086000000| Untracked 
|  96|0x0000000086000000, 0x0000000086100000, 0x0000000086100000|100%| O|  |TAMS 0x0000000086000000, 0x0000000086100000| Untracked 
|  97|0x0000000086100000, 0x0000000086200000, 0x0000000086200000|100%| O|  |TAMS 0x0000000086200000, 0x0000000086200000| Untracked 
|  98|0x0000000086200000, 0x0000000086300000, 0x0000000086300000|100%| O|  |TAMS 0x0000000086300000, 0x0000000086300000| Untracked 
|  99|0x0000000086300000, 0x0000000086400000, 0x0000000086400000|100%| O|  |TAMS 0x0000000086400000, 0x0000000086400000| Untracked 
| 100|0x0000000086400000, 0x0000000086500000, 0x0000000086500000|100%| O|  |TAMS 0x0000000086500000, 0x0000000086500000| Untracked 
| 101|0x0000000086500000, 0x0000000086600000, 0x0000000086600000|100%| O|  |TAMS 0x0000000086500000, 0x0000000086600000| Untracked 
| 102|0x0000000086600000, 0x0000000086700000, 0x0000000086700000|100%| O|  |TAMS 0x0000000086600000, 0x0000000086700000| Untracked 
| 103|0x0000000086700000, 0x00000000867fec00, 0x0000000086800000| 99%| O|  |TAMS 0x0000000086700000, 0x00000000867fec00| Untracked 
| 104|0x0000000086800000, 0x0000000086800000, 0x0000000086900000|  0%| F|  |TAMS 0x0000000086800000, 0x0000000086800000| Untracked 
| 105|0x0000000086900000, 0x0000000086900000, 0x0000000086a00000|  0%| F|  |TAMS 0x0000000086900000, 0x0000000086900000| Untracked 
| 106|0x0000000086a00000, 0x0000000086a00000, 0x0000000086b00000|  0%| F|  |TAMS 0x0000000086a00000, 0x0000000086a00000| Untracked 
| 107|0x0000000086b00000, 0x0000000086b00000, 0x0000000086c00000|  0%| F|  |TAMS 0x0000000086b00000, 0x0000000086b00000| Untracked 
| 108|0x0000000086c00000, 0x0000000086c00000, 0x0000000086d00000|  0%| F|  |TAMS 0x0000000086c00000, 0x0000000086c00000| Untracked 
| 109|0x0000000086d00000, 0x0000000086d00000, 0x0000000086e00000|  0%| F|  |TAMS 0x0000000086d00000, 0x0000000086d00000| Untracked 
| 110|0x0000000086e00000, 0x0000000086e00000, 0x0000000086f00000|  0%| F|  |TAMS 0x0000000086e00000, 0x0000000086e00000| Untracked 
| 111|0x0000000086f00000, 0x0000000086f00000, 0x0000000087000000|  0%| F|  |TAMS 0x0000000086f00000, 0x0000000086f00000| Untracked 
| 112|0x0000000087000000, 0x0000000087000000, 0x0000000087100000|  0%| F|  |TAMS 0x0000000087000000, 0x0000000087000000| Untracked 
| 113|0x0000000087100000, 0x0000000087100000, 0x0000000087200000|  0%| F|  |TAMS 0x0000000087100000, 0x0000000087100000| Untracked 
| 114|0x0000000087200000, 0x0000000087200000, 0x0000000087300000|  0%| F|  |TAMS 0x0000000087200000, 0x0000000087200000| Untracked 
| 115|0x0000000087300000, 0x0000000087300000, 0x0000000087400000|  0%| F|  |TAMS 0x0000000087300000, 0x0000000087300000| Untracked 
| 116|0x0000000087400000, 0x0000000087400000, 0x0000000087500000|  0%| F|  |TAMS 0x0000000087400000, 0x0000000087400000| Untracked 
| 117|0x0000000087500000, 0x0000000087500000, 0x0000000087600000|  0%| F|  |TAMS 0x0000000087500000, 0x0000000087500000| Untracked 
| 118|0x0000000087600000, 0x0000000087600000, 0x0000000087700000|  0%| F|  |TAMS 0x0000000087600000, 0x0000000087600000| Untracked 
| 119|0x0000000087700000, 0x0000000087700000, 0x0000000087800000|  0%| F|  |TAMS 0x0000000087700000, 0x0000000087700000| Untracked 
| 120|0x0000000087800000, 0x0000000087800000, 0x0000000087900000|  0%| F|  |TAMS 0x0000000087800000, 0x0000000087800000| Untracked 
| 121|0x0000000087900000, 0x0000000087900000, 0x0000000087a00000|  0%| F|  |TAMS 0x0000000087900000, 0x0000000087900000| Untracked 
| 122|0x0000000087a00000, 0x0000000087a00000, 0x0000000087b00000|  0%| F|  |TAMS 0x0000000087a00000, 0x0000000087a00000| Untracked 
| 123|0x0000000087b00000, 0x0000000087b00000, 0x0000000087c00000|  0%| F|  |TAMS 0x0000000087b00000, 0x0000000087b00000| Untracked 
| 124|0x0000000087c00000, 0x0000000087c00000, 0x0000000087d00000|  0%| F|  |TAMS 0x0000000087c00000, 0x0000000087c00000| Untracked 
| 125|0x0000000087d00000, 0x0000000087d00000, 0x0000000087e00000|  0%| F|  |TAMS 0x0000000087d00000, 0x0000000087d00000| Untracked 
| 126|0x0000000087e00000, 0x0000000087e00000, 0x0000000087f00000|  0%| F|  |TAMS 0x0000000087e00000, 0x0000000087e00000| Untracked 
| 127|0x0000000087f00000, 0x0000000087f00000, 0x0000000088000000|  0%| F|  |TAMS 0x0000000087f00000, 0x0000000087f00000| Untracked 
| 128|0x0000000088000000, 0x0000000088000000, 0x0000000088100000|  0%| F|  |TAMS 0x0000000088000000, 0x0000000088000000| Untracked 
| 129|0x0000000088100000, 0x0000000088100000, 0x0000000088200000|  0%| F|  |TAMS 0x0000000088100000, 0x0000000088100000| Untracked 
| 130|0x0000000088200000, 0x0000000088200000, 0x0000000088300000|  0%| F|  |TAMS 0x0000000088200000, 0x0000000088200000| Untracked 
| 131|0x0000000088300000, 0x0000000088300000, 0x0000000088400000|  0%| F|  |TAMS 0x0000000088300000, 0x0000000088300000| Untracked 
| 132|0x0000000088400000, 0x0000000088400000, 0x0000000088500000|  0%| F|  |TAMS 0x0000000088400000, 0x0000000088400000| Untracked 
| 133|0x0000000088500000, 0x0000000088500000, 0x0000000088600000|  0%| F|  |TAMS 0x0000000088500000, 0x0000000088500000| Untracked 
| 134|0x0000000088600000, 0x0000000088600000, 0x0000000088700000|  0%| F|  |TAMS 0x0000000088600000, 0x0000000088600000| Untracked 
| 135|0x0000000088700000, 0x0000000088700000, 0x0000000088800000|  0%| F|  |TAMS 0x0000000088700000, 0x0000000088700000| Untracked 
| 136|0x0000000088800000, 0x0000000088800000, 0x0000000088900000|  0%| F|  |TAMS 0x0000000088800000, 0x0000000088800000| Untracked 
| 137|0x0000000088900000, 0x0000000088900000, 0x0000000088a00000|  0%| F|  |TAMS 0x0000000088900000, 0x0000000088900000| Untracked 
| 138|0x0000000088a00000, 0x0000000088a00000, 0x0000000088b00000|  0%| F|  |TAMS 0x0000000088a00000, 0x0000000088a00000| Untracked 
| 139|0x0000000088b00000, 0x0000000088b00000, 0x0000000088c00000|  0%| F|  |TAMS 0x0000000088b00000, 0x0000000088b00000| Untracked 
| 140|0x0000000088c00000, 0x0000000088c00000, 0x0000000088d00000|  0%| F|  |TAMS 0x0000000088c00000, 0x0000000088c00000| Untracked 
| 141|0x0000000088d00000, 0x0000000088d93528, 0x0000000088e00000| 57%| S|CS|TAMS 0x0000000088d00000, 0x0000000088d00000| Complete 
| 142|0x0000000088e00000, 0x0000000088e00000, 0x0000000088f00000|  0%| F|  |TAMS 0x0000000088e00000, 0x0000000088e00000| Untracked 
| 143|0x0000000088f00000, 0x0000000088f00000, 0x0000000089000000|  0%| F|  |TAMS 0x0000000088f00000, 0x0000000088f00000| Untracked 
| 144|0x0000000089000000, 0x0000000089100000, 0x0000000089100000|100%| S|CS|TAMS 0x0000000089000000, 0x0000000089000000| Complete 
| 145|0x0000000089100000, 0x0000000089200000, 0x0000000089200000|100%| S|CS|TAMS 0x0000000089100000, 0x0000000089100000| Complete 
| 146|0x0000000089200000, 0x0000000089300000, 0x0000000089300000|100%| S|CS|TAMS 0x0000000089200000, 0x0000000089200000| Complete 
| 147|0x0000000089300000, 0x0000000089400000, 0x0000000089400000|100%| S|CS|TAMS 0x0000000089300000, 0x0000000089300000| Complete 
| 148|0x0000000089400000, 0x0000000089400000, 0x0000000089500000|  0%| F|  |TAMS 0x0000000089400000, 0x0000000089400000| Untracked 
| 149|0x0000000089500000, 0x0000000089500000, 0x0000000089600000|  0%| F|  |TAMS 0x0000000089500000, 0x0000000089500000| Untracked 
| 150|0x0000000089600000, 0x0000000089600000, 0x0000000089700000|  0%| F|  |TAMS 0x0000000089600000, 0x0000000089600000| Untracked 
| 151|0x0000000089700000, 0x0000000089700000, 0x0000000089800000|  0%| F|  |TAMS 0x0000000089700000, 0x0000000089700000| Untracked 
| 152|0x0000000089800000, 0x0000000089800000, 0x0000000089900000|  0%| F|  |TAMS 0x0000000089800000, 0x0000000089800000| Untracked 
| 153|0x0000000089900000, 0x0000000089900000, 0x0000000089a00000|  0%| F|  |TAMS 0x0000000089900000, 0x0000000089900000| Untracked 
| 154|0x0000000089a00000, 0x0000000089a00000, 0x0000000089b00000|  0%| F|  |TAMS 0x0000000089a00000, 0x0000000089a00000| Untracked 
| 155|0x0000000089b00000, 0x0000000089b00000, 0x0000000089c00000|  0%| F|  |TAMS 0x0000000089b00000, 0x0000000089b00000| Untracked 
| 156|0x0000000089c00000, 0x0000000089c00000, 0x0000000089d00000|  0%| F|  |TAMS 0x0000000089c00000, 0x0000000089c00000| Untracked 
| 157|0x0000000089d00000, 0x0000000089d00000, 0x0000000089e00000|  0%| F|  |TAMS 0x0000000089d00000, 0x0000000089d00000| Untracked 
| 158|0x0000000089e00000, 0x0000000089e00000, 0x0000000089f00000|  0%| F|  |TAMS 0x0000000089e00000, 0x0000000089e00000| Untracked 
| 159|0x0000000089f00000, 0x0000000089f00000, 0x000000008a000000|  0%| F|  |TAMS 0x0000000089f00000, 0x0000000089f00000| Untracked 
| 160|0x000000008a000000, 0x000000008a000000, 0x000000008a100000|  0%| F|  |TAMS 0x000000008a000000, 0x000000008a000000| Untracked 
| 161|0x000000008a100000, 0x000000008a100000, 0x000000008a200000|  0%| F|  |TAMS 0x000000008a100000, 0x000000008a100000| Untracked 
| 162|0x000000008a200000, 0x000000008a200000, 0x000000008a300000|  0%| F|  |TAMS 0x000000008a200000, 0x000000008a200000| Untracked 
| 163|0x000000008a300000, 0x000000008a300000, 0x000000008a400000|  0%| F|  |TAMS 0x000000008a300000, 0x000000008a300000| Untracked 
| 164|0x000000008a400000, 0x000000008a400000, 0x000000008a500000|  0%| F|  |TAMS 0x000000008a400000, 0x000000008a400000| Untracked 
| 165|0x000000008a500000, 0x000000008a500000, 0x000000008a600000|  0%| F|  |TAMS 0x000000008a500000, 0x000000008a500000| Untracked 
| 166|0x000000008a600000, 0x000000008a600000, 0x000000008a700000|  0%| F|  |TAMS 0x000000008a600000, 0x000000008a600000| Untracked 
| 167|0x000000008a700000, 0x000000008a700000, 0x000000008a800000|  0%| F|  |TAMS 0x000000008a700000, 0x000000008a700000| Untracked 
| 168|0x000000008a800000, 0x000000008a800000, 0x000000008a900000|  0%| F|  |TAMS 0x000000008a800000, 0x000000008a800000| Untracked 
| 169|0x000000008a900000, 0x000000008a900000, 0x000000008aa00000|  0%| F|  |TAMS 0x000000008a900000, 0x000000008a900000| Untracked 
| 170|0x000000008aa00000, 0x000000008aa00000, 0x000000008ab00000|  0%| F|  |TAMS 0x000000008aa00000, 0x000000008aa00000| Untracked 
| 171|0x000000008ab00000, 0x000000008ab00000, 0x000000008ac00000|  0%| F|  |TAMS 0x000000008ab00000, 0x000000008ab00000| Untracked 
| 172|0x000000008ac00000, 0x000000008ac00000, 0x000000008ad00000|  0%| F|  |TAMS 0x000000008ac00000, 0x000000008ac00000| Untracked 
| 173|0x000000008ad00000, 0x000000008ad00000, 0x000000008ae00000|  0%| F|  |TAMS 0x000000008ad00000, 0x000000008ad00000| Untracked 
| 174|0x000000008ae00000, 0x000000008ae00000, 0x000000008af00000|  0%| F|  |TAMS 0x000000008ae00000, 0x000000008ae00000| Untracked 
| 175|0x000000008af00000, 0x000000008af00000, 0x000000008b000000|  0%| F|  |TAMS 0x000000008af00000, 0x000000008af00000| Untracked 
| 176|0x000000008b000000, 0x000000008b000000, 0x000000008b100000|  0%| F|  |TAMS 0x000000008b000000, 0x000000008b000000| Untracked 
| 177|0x000000008b100000, 0x000000008b100000, 0x000000008b200000|  0%| F|  |TAMS 0x000000008b100000, 0x000000008b100000| Untracked 
| 178|0x000000008b200000, 0x000000008b200000, 0x000000008b300000|  0%| F|  |TAMS 0x000000008b200000, 0x000000008b200000| Untracked 
| 179|0x000000008b300000, 0x000000008b300000, 0x000000008b400000|  0%| F|  |TAMS 0x000000008b300000, 0x000000008b300000| Untracked 
| 180|0x000000008b400000, 0x000000008b400000, 0x000000008b500000|  0%| F|  |TAMS 0x000000008b400000, 0x000000008b400000| Untracked 
| 181|0x000000008b500000, 0x000000008b500000, 0x000000008b600000|  0%| F|  |TAMS 0x000000008b500000, 0x000000008b500000| Untracked 
| 182|0x000000008b600000, 0x000000008b600000, 0x000000008b700000|  0%| F|  |TAMS 0x000000008b600000, 0x000000008b600000| Untracked 
| 183|0x000000008b700000, 0x000000008b700000, 0x000000008b800000|  0%| F|  |TAMS 0x000000008b700000, 0x000000008b700000| Untracked 
| 184|0x000000008b800000, 0x000000008b800000, 0x000000008b900000|  0%| F|  |TAMS 0x000000008b800000, 0x000000008b800000| Untracked 
| 185|0x000000008b900000, 0x000000008b900000, 0x000000008ba00000|  0%| F|  |TAMS 0x000000008b900000, 0x000000008b900000| Untracked 
| 186|0x000000008ba00000, 0x000000008ba00000, 0x000000008bb00000|  0%| F|  |TAMS 0x000000008ba00000, 0x000000008ba00000| Untracked 
| 187|0x000000008bb00000, 0x000000008bb00000, 0x000000008bc00000|  0%| F|  |TAMS 0x000000008bb00000, 0x000000008bb00000| Untracked 
| 188|0x000000008bc00000, 0x000000008bc00000, 0x000000008bd00000|  0%| F|  |TAMS 0x000000008bc00000, 0x000000008bc00000| Untracked 
| 189|0x000000008bd00000, 0x000000008bd00000, 0x000000008be00000|  0%| F|  |TAMS 0x000000008bd00000, 0x000000008bd00000| Untracked 
| 190|0x000000008be00000, 0x000000008be00000, 0x000000008bf00000|  0%| F|  |TAMS 0x000000008be00000, 0x000000008be00000| Untracked 
| 191|0x000000008bf00000, 0x000000008bf00000, 0x000000008c000000|  0%| F|  |TAMS 0x000000008bf00000, 0x000000008bf00000| Untracked 
| 192|0x000000008c000000, 0x000000008c000000, 0x000000008c100000|  0%| F|  |TAMS 0x000000008c000000, 0x000000008c000000| Untracked 
| 193|0x000000008c100000, 0x000000008c100000, 0x000000008c200000|  0%| F|  |TAMS 0x000000008c100000, 0x000000008c100000| Untracked 
| 194|0x000000008c200000, 0x000000008c200000, 0x000000008c300000|  0%| F|  |TAMS 0x000000008c200000, 0x000000008c200000| Untracked 
| 195|0x000000008c300000, 0x000000008c300000, 0x000000008c400000|  0%| F|  |TAMS 0x000000008c300000, 0x000000008c300000| Untracked 
| 196|0x000000008c400000, 0x000000008c400000, 0x000000008c500000|  0%| F|  |TAMS 0x000000008c400000, 0x000000008c400000| Untracked 
| 197|0x000000008c500000, 0x000000008c500000, 0x000000008c600000|  0%| F|  |TAMS 0x000000008c500000, 0x000000008c500000| Untracked 
| 198|0x000000008c600000, 0x000000008c600000, 0x000000008c700000|  0%| F|  |TAMS 0x000000008c600000, 0x000000008c600000| Untracked 
| 199|0x000000008c700000, 0x000000008c700000, 0x000000008c800000|  0%| F|  |TAMS 0x000000008c700000, 0x000000008c700000| Untracked 
| 200|0x000000008c800000, 0x000000008c800000, 0x000000008c900000|  0%| F|  |TAMS 0x000000008c800000, 0x000000008c800000| Untracked 
| 201|0x000000008c900000, 0x000000008c900000, 0x000000008ca00000|  0%| F|  |TAMS 0x000000008c900000, 0x000000008c900000| Untracked 
| 202|0x000000008ca00000, 0x000000008ca00000, 0x000000008cb00000|  0%| F|  |TAMS 0x000000008ca00000, 0x000000008ca00000| Untracked 
| 203|0x000000008cb00000, 0x000000008cb00000, 0x000000008cc00000|  0%| F|  |TAMS 0x000000008cb00000, 0x000000008cb00000| Untracked 
| 204|0x000000008cc00000, 0x000000008cc00000, 0x000000008cd00000|  0%| F|  |TAMS 0x000000008cc00000, 0x000000008cc00000| Untracked 
| 205|0x000000008cd00000, 0x000000008cd00000, 0x000000008ce00000|  0%| F|  |TAMS 0x000000008cd00000, 0x000000008cd00000| Untracked 
| 206|0x000000008ce00000, 0x000000008ce00000, 0x000000008cf00000|  0%| F|  |TAMS 0x000000008ce00000, 0x000000008ce00000| Untracked 
| 207|0x000000008cf00000, 0x000000008cf00000, 0x000000008d000000|  0%| F|  |TAMS 0x000000008cf00000, 0x000000008cf00000| Untracked 
| 208|0x000000008d000000, 0x000000008d000000, 0x000000008d100000|  0%| F|  |TAMS 0x000000008d000000, 0x000000008d000000| Untracked 
| 209|0x000000008d100000, 0x000000008d100000, 0x000000008d200000|  0%| F|  |TAMS 0x000000008d100000, 0x000000008d100000| Untracked 
| 210|0x000000008d200000, 0x000000008d200000, 0x000000008d300000|  0%| F|  |TAMS 0x000000008d200000, 0x000000008d200000| Untracked 
| 211|0x000000008d300000, 0x000000008d300000, 0x000000008d400000|  0%| F|  |TAMS 0x000000008d300000, 0x000000008d300000| Untracked 
| 212|0x000000008d400000, 0x000000008d400000, 0x000000008d500000|  0%| F|  |TAMS 0x000000008d400000, 0x000000008d400000| Untracked 
| 213|0x000000008d500000, 0x000000008d500000, 0x000000008d600000|  0%| F|  |TAMS 0x000000008d500000, 0x000000008d500000| Untracked 
| 214|0x000000008d600000, 0x000000008d600000, 0x000000008d700000|  0%| F|  |TAMS 0x000000008d600000, 0x000000008d600000| Untracked 
| 215|0x000000008d700000, 0x000000008d700000, 0x000000008d800000|  0%| F|  |TAMS 0x000000008d700000, 0x000000008d700000| Untracked 
| 216|0x000000008d800000, 0x000000008d800000, 0x000000008d900000|  0%| F|  |TAMS 0x000000008d800000, 0x000000008d800000| Untracked 
| 217|0x000000008d900000, 0x000000008d900000, 0x000000008da00000|  0%| F|  |TAMS 0x000000008d900000, 0x000000008d900000| Untracked 
| 218|0x000000008da00000, 0x000000008da00000, 0x000000008db00000|  0%| F|  |TAMS 0x000000008da00000, 0x000000008da00000| Untracked 
| 219|0x000000008db00000, 0x000000008db00000, 0x000000008dc00000|  0%| F|  |TAMS 0x000000008db00000, 0x000000008db00000| Untracked 
| 220|0x000000008dc00000, 0x000000008dc00000, 0x000000008dd00000|  0%| F|  |TAMS 0x000000008dc00000, 0x000000008dc00000| Untracked 
| 221|0x000000008dd00000, 0x000000008de00000, 0x000000008de00000|100%| E|  |TAMS 0x000000008dd00000, 0x000000008dd00000| Complete 

Card table byte_map: [0x0000013b67890000,0x0000013b67c90000] _byte_map_base: 0x0000013b67490000

Marking Bits (Prev, Next): (CMBitMap*) 0x0000013b549b3f28, (CMBitMap*) 0x0000013b549b3f60
 Prev Bits: [0x0000013b68090000, 0x0000013b6a090000)
 Next Bits: [0x0000013b6a090000, 0x0000013b6c090000)

Polling page: 0x0000013b52840000

Metaspace:

Usage:
  Non-class:     68.69 MB capacity,    67.38 MB ( 98%) used,     1.12 MB (  2%) free+waste,   197.81 KB ( <1%) overhead. 
      Class:     10.82 MB capacity,    10.07 MB ( 93%) used,   673.15 KB (  6%) free+waste,    92.63 KB ( <1%) overhead. 
       Both:     79.50 MB capacity,    77.45 MB ( 97%) used,     1.77 MB (  2%) free+waste,   290.44 KB ( <1%) overhead. 

Virtual space:
  Non-class space:       70.00 MB reserved,      68.75 MB ( 98%) committed 
      Class space:        1.00 GB reserved,      10.88 MB (  1%) committed 
             Both:        1.07 GB reserved,      79.63 MB (  7%) committed 

Chunk freelists:
   Non-Class:  1.00 KB
       Class:  27.00 KB
        Both:  28.00 KB

MaxMetaspaceSize: 17179869184.00 GB
CompressedClassSpaceSize: 1.00 GB
Initial GC threshold: 20.80 MB
Current GC threshold: 123.75 MB
CDS: off

CodeHeap 'non-profiled nmethods': size=120064Kb used=5010Kb max_used=5010Kb free=115054Kb
 bounds [0x0000013b5ff50000, 0x0000013b60440000, 0x0000013b67490000]
CodeHeap 'profiled nmethods': size=120000Kb used=18085Kb max_used=18085Kb free=101915Kb
 bounds [0x0000013b58a20000, 0x0000013b59bd0000, 0x0000013b5ff50000]
CodeHeap 'non-nmethods': size=5696Kb used=2361Kb max_used=2402Kb free=3334Kb
 bounds [0x0000013b58490000, 0x0000013b58700000, 0x0000013b58a20000]
 total_blobs=9181 nmethods=8295 adapters=799
 compilation: enabled
              stopped_count=0, restarted_count=0
 full_count=0

Compilation events (20 events):
Event: 39.528 Thread 0x0000013b6e598000 8335       1       org.gradle.api.internal.provider.Collectors$SingleElement::size (2 bytes)
Event: 39.528 Thread 0x0000013b6e598000 nmethod 8335 0x0000013b60434210 code [0x0000013b604343c0, 0x0000013b60434478]
Event: 39.528 Thread 0x0000013b6e598000 8336       2       com.google.common.collect.Iterators$9::hasNext (13 bytes)
Event: 39.529 Thread 0x0000013b6e598000 nmethod 8336 0x0000013b59bc5f10 code [0x0000013b59bc60c0, 0x0000013b59bc61d8]
Event: 39.530 Thread 0x0000013b6e598000 8337       2       jdk.internal.reflect.ClassFileAssembler::opc_aload_1 (24 bytes)
Event: 39.530 Thread 0x0000013b6e598000 nmethod 8337 0x0000013b59bc6290 code [0x0000013b59bc6440, 0x0000013b59bc65c8]
Event: 39.530 Thread 0x0000013b6e598000 8338       2       org.gradle.api.internal.DefaultDomainObjectCollection::doAdd (29 bytes)
Event: 39.530 Thread 0x0000013b6e598000 nmethod 8338 0x0000013b59bc6710 code [0x0000013b59bc6900, 0x0000013b59bc6ad8]
Event: 39.531 Thread 0x0000013b6e598000 8339       2       com.android.build.api.variant.impl.ApplicationVariantImpl_Decorated::getArtifacts (40 bytes)
Event: 39.531 Thread 0x0000013b6e598000 nmethod 8339 0x0000013b59bc6c10 code [0x0000013b59bc6de0, 0x0000013b59bc6fb8]
Event: 39.532 Thread 0x0000013b6e598000 8340       2       org.gradle.api.internal.DefaultDomainObjectCollection::add (25 bytes)
Event: 39.532 Thread 0x0000013b6e598000 nmethod 8340 0x0000013b59bc7110 code [0x0000013b59bc7300, 0x0000013b59bc74e8]
Event: 39.532 Thread 0x0000013b6e598000 8341       1       org.gradle.api.internal.artifacts.configurations.DefaultVariant::getName (5 bytes)
Event: 39.533 Thread 0x0000013b6e598000 nmethod 8341 0x0000013b60434510 code [0x0000013b604346c0, 0x0000013b60434778]
Event: 39.533 Thread 0x0000013b6e598000 8342       2       kotlin.collections.SetsKt__SetsJVMKt::setOf (11 bytes)
Event: 39.534 Thread 0x0000013b6e598000 nmethod 8342 0x0000013b59bc7610 code [0x0000013b59bc77c0, 0x0000013b59bc7988]
Event: 39.534 Thread 0x0000013b6e598000 8343       2       com.android.build.api.artifact.impl.StorageProviderImpl::getStorage (57 bytes)
Event: 39.535 Thread 0x0000013b6e598000 nmethod 8343 0x0000013b59bc7a90 code [0x0000013b59bc7ce0, 0x0000013b59bc81f8]
Event: 39.536 Thread 0x0000013b6e598000 8344  s    2       com.android.build.api.artifact.impl.TypedStorageProvider::getArtifact$gradle_core (80 bytes)
Event: 39.536 Thread 0x0000013b6e598000 nmethod 8344 0x0000013b59bc8590 code [0x0000013b59bc8800, 0x0000013b59bc9028]

GC Heap History (20 events):
Event: 34.204 GC heap before
{Heap before GC invocations=39 (full 0):
 garbage-first heap   total 131072K, used 99082K [0x0000000080000000, 0x0000000100000000)
  region size 1024K, 8 young (8192K), 3 survivors (3072K)
 Metaspace       used 67988K, capacity 69961K, committed 70144K, reserved 1110016K
  class space    used 8666K, capacity 9401K, committed 9472K, reserved 1048576K
}
Event: 34.215 GC heap after
{Heap after GC invocations=40 (full 0):
 garbage-first heap   total 131072K, used 96173K [0x0000000080000000, 0x0000000100000000)
  region size 1024K, 3 young (3072K), 3 survivors (3072K)
 Metaspace       used 67988K, capacity 69961K, committed 70144K, reserved 1110016K
  class space    used 8666K, capacity 9401K, committed 9472K, reserved 1048576K
}
Event: 34.394 GC heap before
{Heap before GC invocations=40 (full 0):
 garbage-first heap   total 131072K, used 113581K [0x0000000080000000, 0x0000000100000000)
  region size 1024K, 16 young (16384K), 3 survivors (3072K)
 Metaspace       used 67995K, capacity 69967K, committed 70144K, reserved 1110016K
  class space    used 8666K, capacity 9402K, committed 9472K, reserved 1048576K
}
Event: 34.405 GC heap after
{Heap after GC invocations=41 (full 0):
 garbage-first heap   total 157696K, used 102551K [0x0000000080000000, 0x0000000100000000)
  region size 1024K, 2 young (2048K), 2 survivors (2048K)
 Metaspace       used 67995K, capacity 69967K, committed 70144K, reserved 1110016K
  class space    used 8666K, capacity 9402K, committed 9472K, reserved 1048576K
}
Event: 34.413 GC heap before
{Heap before GC invocations=42 (full 0):
 garbage-first heap   total 157696K, used 102551K [0x0000000080000000, 0x0000000100000000)
  region size 1024K, 3 young (3072K), 2 survivors (2048K)
 Metaspace       used 67995K, capacity 69967K, committed 70144K, reserved 1110016K
  class space    used 8666K, capacity 9402K, committed 9472K, reserved 1048576K
}
Event: 34.419 GC heap after
{Heap after GC invocations=43 (full 0):
 garbage-first heap   total 157696K, used 103194K [0x0000000080000000, 0x0000000100000000)
  region size 1024K, 1 young (1024K), 1 survivors (1024K)
 Metaspace       used 67995K, capacity 69967K, committed 70144K, reserved 1110016K
  class space    used 8666K, capacity 9402K, committed 9472K, reserved 1048576K
}
Event: 35.024 GC heap before
{Heap before GC invocations=44 (full 0):
 garbage-first heap   total 157696K, used 120602K [0x0000000080000000, 0x0000000100000000)
  region size 1024K, 16 young (16384K), 1 survivors (1024K)
 Metaspace       used 69398K, capacity 71297K, committed 71552K, reserved 1112064K
  class space    used 8850K, capacity 9564K, committed 9600K, reserved 1048576K
}
Event: 35.032 GC heap after
{Heap after GC invocations=45 (full 0):
 garbage-first heap   total 157696K, used 104665K [0x0000000080000000, 0x0000000100000000)
  region size 1024K, 1 young (1024K), 1 survivors (1024K)
 Metaspace       used 69398K, capacity 71297K, committed 71552K, reserved 1112064K
  class space    used 8850K, capacity 9564K, committed 9600K, reserved 1048576K
}
Event: 35.577 GC heap before
{Heap before GC invocations=45 (full 0):
 garbage-first heap   total 157696K, used 121049K [0x0000000080000000, 0x0000000100000000)
  region size 1024K, 17 young (17408K), 1 survivors (1024K)
 Metaspace       used 70617K, capacity 72548K, committed 72704K, reserved 1112064K
  class space    used 8987K, capacity 9699K, committed 9728K, reserved 1048576K
}
Event: 35.584 GC heap after
{Heap after GC invocations=46 (full 0):
 garbage-first heap   total 157696K, used 105644K [0x0000000080000000, 0x0000000100000000)
  region size 1024K, 2 young (2048K), 2 survivors (2048K)
 Metaspace       used 70617K, capacity 72548K, committed 72704K, reserved 1112064K
  class space    used 8987K, capacity 9699K, committed 9728K, reserved 1048576K
}
Event: 35.952 GC heap before
{Heap before GC invocations=47 (full 0):
 garbage-first heap   total 157696K, used 116908K [0x0000000080000000, 0x0000000100000000)
  region size 1024K, 17 young (17408K), 2 survivors (2048K)
 Metaspace       used 71723K, capacity 73645K, committed 73856K, reserved 1114112K
  class space    used 9140K, capacity 9829K, committed 9856K, reserved 1048576K
}
Event: 35.962 GC heap after
{Heap after GC invocations=48 (full 0):
 garbage-first heap   total 189440K, used 102632K [0x0000000080000000, 0x0000000100000000)
  region size 1024K, 3 young (3072K), 3 survivors (3072K)
 Metaspace       used 71723K, capacity 73645K, committed 73856K, reserved 1114112K
  class space    used 9140K, capacity 9829K, committed 9856K, reserved 1048576K
}
Event: 37.152 GC heap before
{Heap before GC invocations=49 (full 0):
 garbage-first heap   total 189440K, used 133352K [0x0000000080000000, 0x0000000100000000)
  region size 1024K, 33 young (33792K), 3 survivors (3072K)
 Metaspace       used 73351K, capacity 75434K, committed 75776K, reserved 1114112K
  class space    used 9354K, capacity 10118K, committed 10240K, reserved 1048576K
}
Event: 37.161 GC heap after
{Heap after GC invocations=50 (full 0):
 garbage-first heap   total 189440K, used 104464K [0x0000000080000000, 0x0000000100000000)
  region size 1024K, 4 young (4096K), 4 survivors (4096K)
 Metaspace       used 73351K, capacity 75434K, committed 75776K, reserved 1114112K
  class space    used 9354K, capacity 10118K, committed 10240K, reserved 1048576K
}
Event: 37.579 GC heap before
{Heap before GC invocations=50 (full 0):
 garbage-first heap   total 189440K, used 137232K [0x0000000080000000, 0x0000000100000000)
  region size 1024K, 36 young (36864K), 4 survivors (4096K)
 Metaspace       used 73586K, capacity 75622K, committed 75776K, reserved 1114112K
  class space    used 9378K, capacity 10157K, committed 10240K, reserved 1048576K
}
Event: 37.594 GC heap after
{Heap after GC invocations=51 (full 0):
 garbage-first heap   total 189440K, used 106622K [0x0000000080000000, 0x0000000100000000)
  region size 1024K, 5 young (5120K), 5 survivors (5120K)
 Metaspace       used 73586K, capacity 75622K, committed 75776K, reserved 1114112K
  class space    used 9378K, capacity 10157K, committed 10240K, reserved 1048576K
}
Event: 38.803 GC heap before
{Heap before GC invocations=52 (full 0):
 garbage-first heap   total 189440K, used 140414K [0x0000000080000000, 0x0000000100000000)
  region size 1024K, 38 young (38912K), 5 survivors (5120K)
 Metaspace       used 77692K, capacity 79771K, committed 80000K, reserved 1118208K
  class space    used 10081K, capacity 10835K, committed 10880K, reserved 1048576K
}
Event: 38.813 GC heap after
{Heap after GC invocations=53 (full 0):
 garbage-first heap   total 189440K, used 108766K [0x0000000080000000, 0x0000000100000000)
  region size 1024K, 5 young (5120K), 5 survivors (5120K)
 Metaspace       used 77692K, capacity 79771K, committed 80000K, reserved 1118208K
  class space    used 10081K, capacity 10835K, committed 10880K, reserved 1048576K
}
Event: 39.542 GC heap before
{Heap before GC invocations=53 (full 0):
 garbage-first heap   total 189440K, used 143582K [0x0000000080000000, 0x0000000100000000)
  region size 1024K, 39 young (39936K), 5 survivors (5120K)
 Metaspace       used 79246K, capacity 81407K, committed 81536K, reserved 1120256K
  class space    used 10301K, capacity 11074K, committed 11136K, reserved 1048576K
}
Event: 39.554 GC heap after
{Heap after GC invocations=54 (full 0):
 garbage-first heap   total 227328K, used 111176K [0x0000000080000000, 0x0000000100000000)
  region size 1024K, 5 young (5120K), 5 survivors (5120K)
 Metaspace       used 79246K, capacity 81407K, committed 81536K, reserved 1120256K
  class space    used 10301K, capacity 11074K, committed 11136K, reserved 1048576K
}

Deoptimization events (20 events):
Event: 36.979 Thread 0x0000013b7109a000 DEOPT PACKING pc=0x0000013b601f9430 sp=0x0000001dd21fddf0
Event: 36.979 Thread 0x0000013b7109a000 DEOPT UNPACKING pc=0x0000013b584da1a9 sp=0x0000001dd21fddb0 mode 2
Event: 37.309 Thread 0x0000013b701ec800 DEOPT PACKING pc=0x0000013b592b98eb sp=0x0000001dd15f5480
Event: 37.309 Thread 0x0000013b701ec800 DEOPT UNPACKING pc=0x0000013b584da93f sp=0x0000001dd15f48e0 mode 0
Event: 37.349 Thread 0x0000013b701ec800 Uncommon trap: trap_request=0xfffffff4 fr.pc=0x0000013b603e272c relative=0x00000000000024ec
Event: 37.349 Thread 0x0000013b701ec800 Uncommon trap: reason=null_check action=make_not_entrant pc=0x0000013b603e272c method=java.lang.PublicMethods$MethodList.getMostSpecific()Ljava/lang/reflect/Method; @ 41 c2
Event: 37.349 Thread 0x0000013b701ec800 DEOPT PACKING pc=0x0000013b603e272c sp=0x0000001dd15f2de0
Event: 37.349 Thread 0x0000013b701ec800 DEOPT UNPACKING pc=0x0000013b584da1a9 sp=0x0000001dd15f2cd0 mode 2
Event: 39.025 Thread 0x0000013b701ec800 Uncommon trap: trap_request=0xffffffde fr.pc=0x0000013b604269dc relative=0x000000000000049c
Event: 39.025 Thread 0x0000013b701ec800 Uncommon trap: reason=class_check action=maybe_recompile pc=0x0000013b604269dc method=org.gradle.internal.instantiation.generator.AbstractClassGenerator$InjectionAnnotationValidator.validateMethod(Ljava/lang/reflect/Method;Lorg/gradle/internal/reflect/Pro
Event: 39.025 Thread 0x0000013b701ec800 DEOPT PACKING pc=0x0000013b604269dc sp=0x0000001dd15f7f40
Event: 39.025 Thread 0x0000013b701ec800 DEOPT UNPACKING pc=0x0000013b584da1a9 sp=0x0000001dd15f7ee8 mode 2
Event: 39.060 Thread 0x0000013b701ec800 Uncommon trap: trap_request=0xffffffde fr.pc=0x0000013b604269dc relative=0x000000000000049c
Event: 39.060 Thread 0x0000013b701ec800 Uncommon trap: reason=class_check action=maybe_recompile pc=0x0000013b604269dc method=org.gradle.internal.instantiation.generator.AbstractClassGenerator$InjectionAnnotationValidator.validateMethod(Ljava/lang/reflect/Method;Lorg/gradle/internal/reflect/Pro
Event: 39.060 Thread 0x0000013b701ec800 DEOPT PACKING pc=0x0000013b604269dc sp=0x0000001dd15f7fc0
Event: 39.060 Thread 0x0000013b701ec800 DEOPT UNPACKING pc=0x0000013b584da1a9 sp=0x0000001dd15f7f68 mode 2
Event: 39.387 Thread 0x0000013b701ec800 DEOPT PACKING pc=0x0000013b592b98eb sp=0x0000001dd15f6740
Event: 39.387 Thread 0x0000013b701ec800 DEOPT UNPACKING pc=0x0000013b584da93f sp=0x0000001dd15f5ba0 mode 0
Event: 39.514 Thread 0x0000013b701ec800 DEOPT PACKING pc=0x0000013b59935827 sp=0x0000001dd15f80b0
Event: 39.514 Thread 0x0000013b701ec800 DEOPT UNPACKING pc=0x0000013b584da93f sp=0x0000001dd15f7560 mode 0

Classes redefined (0 events):
No events

Internal exceptions (20 events):
Event: 39.379 Thread 0x0000013b701ec800 Exception <a 'java/lang/ClassNotFoundException'{0x000000008a6c6b90}: com/android/build/gradle/internal/api/ApplicationVariantImpl_DecoratedCustomizer> (0x000000008a6c6b90) thrown at [./src/hotspot/share/classfile/systemDictionary.cpp, line 231]
Event: 39.416 Thread 0x0000013b701ec800 Exception <a 'java/lang/ClassNotFoundException'{0x000000008a225a48}: org/codehaus/groovy/runtime/GStringImplBeanInfo> (0x000000008a225a48) thrown at [./src/hotspot/share/classfile/systemDictionary.cpp, line 231]
Event: 39.423 Thread 0x0000013b701ec800 Exception <a 'java/lang/ClassNotFoundException'{0x000000008a000c18}: org/codehaus/groovy/runtime/GStringImplCustomizer> (0x000000008a000c18) thrown at [./src/hotspot/share/classfile/systemDictionary.cpp, line 231]
Event: 39.444 Thread 0x0000013b701ec800 Exception <a 'java/lang/ClassNotFoundException'{0x0000000089d97730}: org/gradle/api/internal/tasks/DefaultTaskContainer_DecoratedBeanInfo> (0x0000000089d97730) thrown at [./src/hotspot/share/classfile/systemDictionary.cpp, line 231]
Event: 39.445 Thread 0x0000013b701ec800 Exception <a 'java/lang/ClassNotFoundException'{0x0000000089db31b0}: org/gradle/api/internal/tasks/DefaultTaskContainerBeanInfo> (0x0000000089db31b0) thrown at [./src/hotspot/share/classfile/systemDictionary.cpp, line 231]
Event: 39.445 Thread 0x0000013b701ec800 Exception <a 'java/lang/ClassNotFoundException'{0x0000000089dcf468}: org/gradle/api/internal/tasks/DefaultTaskCollectionBeanInfo> (0x0000000089dcf468) thrown at [./src/hotspot/share/classfile/systemDictionary.cpp, line 231]
Event: 39.446 Thread 0x0000013b701ec800 Exception <a 'java/lang/ClassNotFoundException'{0x0000000089deb770}: org/gradle/api/internal/tasks/DefaultTaskCollectionCustomizer> (0x0000000089deb770) thrown at [./src/hotspot/share/classfile/systemDictionary.cpp, line 231]
Event: 39.449 Thread 0x0000013b701ec800 Exception <a 'java/lang/ClassNotFoundException'{0x0000000089c31840}: org/gradle/api/internal/tasks/DefaultTaskContainerCustomizer> (0x0000000089c31840) thrown at [./src/hotspot/share/classfile/systemDictionary.cpp, line 231]
Event: 39.453 Thread 0x0000013b701ec800 Exception <a 'java/lang/ClassNotFoundException'{0x0000000089c98db8}: org/gradle/api/internal/tasks/DefaultTaskContainer_DecoratedCustomizer> (0x0000000089c98db8) thrown at [./src/hotspot/share/classfile/systemDictionary.cpp, line 231]
Event: 39.471 Thread 0x0000013b701ec800 Exception <a 'java/lang/ClassNotFoundException'{0x0000000089a153d8}: java/util/Collections$SingletonListBeanInfo> (0x0000000089a153d8) thrown at [./src/hotspot/share/classfile/systemDictionary.cpp, line 231]
Event: 39.471 Thread 0x0000013b701ec800 Exception <a 'java/lang/ClassNotFoundException'{0x0000000089a22ce8}: java/util/Collections$SingletonListCustomizer> (0x0000000089a22ce8) thrown at [./src/hotspot/share/classfile/systemDictionary.cpp, line 231]
Event: 39.480 Thread 0x0000013b701ec800 Exception <a 'java/lang/ClassNotFoundException'{0x0000000089acfc48}: org/gradle/api/internal/tasks/DefaultTaskContainer$TaskCreatingProvider_DecoratedBeanInfo> (0x0000000089acfc48) thrown at [./src/hotspot/share/classfile/systemDictionary.cpp, line 231]
Event: 39.480 Thread 0x0000013b701ec800 Exception <a 'java/lang/ClassNotFoundException'{0x0000000089aee9e0}: org/gradle/api/internal/tasks/DefaultTaskContainer$TaskCreatingProviderBeanInfo> (0x0000000089aee9e0) thrown at [./src/hotspot/share/classfile/systemDictionary.cpp, line 231]
Event: 39.481 Thread 0x0000013b701ec800 Exception <a 'java/lang/ClassNotFoundException'{0x00000000899116c0}: org/gradle/api/internal/DefaultNamedDomainObjectCollection$AbstractDomainObjectCreatingProviderBeanInfo> (0x00000000899116c0) thrown at [./src/hotspot/share/classfile/systemDictionary.cpp, line 231]
Event: 39.482 Thread 0x0000013b701ec800 Exception <a 'java/lang/ClassNotFoundException'{0x0000000089933b98}: org/gradle/api/internal/DefaultNamedDomainObjectCollection$AbstractNamedDomainObjectProviderBeanInfo> (0x0000000089933b98) thrown at [./src/hotspot/share/classfile/systemDictionary.cpp, line 231]
Event: 39.483 Thread 0x0000013b701ec800 Exception <a 'java/lang/ClassNotFoundException'{0x0000000089956280}: org/gradle/api/internal/DefaultNamedDomainObjectCollection$AbstractNamedDomainObjectProviderCustomizer> (0x0000000089956280) thrown at [./src/hotspot/share/classfile/systemDictionary.cpp, line 231]
Event: 39.486 Thread 0x0000013b701ec800 Exception <a 'java/lang/ClassNotFoundException'{0x000000008998bef8}: org/gradle/api/internal/DefaultNamedDomainObjectCollection$AbstractDomainObjectCreatingProviderCustomizer> (0x000000008998bef8) thrown at [./src/hotspot/share/classfile/systemDictionary.cpp, line 231]
Event: 39.488 Thread 0x0000013b701ec800 Exception <a 'java/lang/ClassNotFoundException'{0x00000000899b55d8}: org/gradle/api/internal/tasks/DefaultTaskContainer$TaskCreatingProviderCustomizer> (0x00000000899b55d8) thrown at [./src/hotspot/share/classfile/systemDictionary.cpp, line 231]
Event: 39.489 Thread 0x0000013b701ec800 Exception <a 'java/lang/ClassNotFoundException'{0x00000000899ddc68}: org/gradle/api/internal/tasks/DefaultTaskContainer$TaskCreatingProvider_DecoratedCustomizer> (0x00000000899ddc68) thrown at [./src/hotspot/share/classfile/systemDictionary.cpp, line 231]
Event: 39.504 Thread 0x0000013b701ec800 Exception <a 'java/lang/NoClassDefFoundError'{0x00000000898cbdc8}: org/jetbrains/kotlin/gradle/plugin/KotlinBasePluginWrapper> (0x00000000898cbdc8) thrown at [./src/hotspot/share/classfile/systemDictionary.cpp, line 220]

Events (20 events):
Event: 39.538 loading class com/android/build/api/variant/impl/ArtifactMetadataProcessor$Companion
Event: 39.538 loading class com/android/build/api/variant/impl/ArtifactMetadataProcessor$Companion done
Event: 39.539 loading class com/android/build/api/variant/impl/ArtifactMetadataProcessor$Companion$handleFinalizedByForType$1$1$1
Event: 39.539 loading class com/android/build/api/variant/impl/ArtifactMetadataProcessor$Companion$handleFinalizedByForType$1$1$1 done
Event: 39.540 loading class java/util/AbstractList$RandomAccessSubList
Event: 39.540 loading class java/util/AbstractList$SubList
Event: 39.540 loading class java/util/AbstractList$SubList done
Event: 39.540 loading class java/util/AbstractList$RandomAccessSubList done
Event: 39.540 loading class java/util/AbstractList$SubList$1
Event: 39.540 loading class java/util/AbstractList$SubList$1 done
Event: 39.541 loading class groovy/lang/MetaClassImpl$InvokeMethodResult
Event: 39.541 loading class groovy/lang/MetaClassImpl$InvokeMethodResult done
Event: 39.541 loading class org/gradle/configuration/internal/DefaultListenerBuildOperationDecorator$BuildOperationEmittingClosure$1
Event: 39.541 loading class org/gradle/configuration/internal/DefaultListenerBuildOperationDecorator$BuildOperationEmittingClosure$1 done
Event: 39.541 Executing VM operation: G1CollectForAllocation
Event: 39.554 Executing VM operation: G1CollectForAllocation done
Event: 39.566 loading class org/gradle/internal/operations/BuildOperationContext
Event: 39.566 loading class org/gradle/internal/operations/BuildOperationContext done
Event: 39.566 loading class org/gradle/configuration/internal/DefaultListenerBuildOperationDecorator$BuildOperationEmittingClosure$1
Event: 39.566 loading class org/gradle/configuration/internal/DefaultListenerBuildOperationDecorator$BuildOperationEmittingClosure$1 done


Dynamic libraries:
0x00007ff731200000 - 0x00007ff73120a000 	C:\Program Files\Android\Android Studio\jre\bin\java.exe
0x00007ffd9eab0000 - 0x00007ffd9eca8000 	C:\WINDOWS\SYSTEM32\ntdll.dll
0x00007ffd9cf70000 - 0x00007ffd9d02d000 	C:\WINDOWS\System32\KERNEL32.DLL
0x00007ffd9c670000 - 0x00007ffd9c942000 	C:\WINDOWS\System32\KERNELBASE.dll
0x00007ffd9c1f0000 - 0x00007ffd9c2f0000 	C:\WINDOWS\System32\ucrtbase.dll
0x00007ffd8d770000 - 0x00007ffd8d789000 	C:\Program Files\Android\Android Studio\jre\bin\jli.dll
0x00007ffd9e5c0000 - 0x00007ffd9e75d000 	C:\WINDOWS\System32\USER32.dll
0x00007ffd8ced0000 - 0x00007ffd8cee7000 	C:\Program Files\Android\Android Studio\jre\bin\VCRUNTIME140.dll
0x00007ffd9c640000 - 0x00007ffd9c662000 	C:\WINDOWS\System32\win32u.dll
0x00007ffd9d9d0000 - 0x00007ffd9d9fb000 	C:\WINDOWS\System32\GDI32.dll
0x00007ffd9ca00000 - 0x00007ffd9cb0f000 	C:\WINDOWS\System32\gdi32full.dll
0x00007ffd9c5a0000 - 0x00007ffd9c63d000 	C:\WINDOWS\System32\msvcp_win.dll
0x00007ffd8c2e0000 - 0x00007ffd8c57a000 	C:\WINDOWS\WinSxS\amd64_microsoft.windows.common-controls_6595b64144ccf1df_6.0.19041.1110_none_60b5254171f9507e\COMCTL32.dll
0x00007ffd9e760000 - 0x00007ffd9e7fe000 	C:\WINDOWS\System32\msvcrt.dll
0x00007ffd9cb80000 - 0x00007ffd9cbb0000 	C:\WINDOWS\System32\IMM32.DLL
0x00007ffd8ce30000 - 0x00007ffd8cecd000 	C:\Program Files\Android\Android Studio\jre\bin\msvcp140.dll
0x00007ffd6f8b0000 - 0x00007ffd703b2000 	C:\Program Files\Android\Android Studio\jre\bin\server\jvm.dll
0x00007ffd9ccd0000 - 0x00007ffd9cd7e000 	C:\WINDOWS\System32\ADVAPI32.dll
0x00007ffd9d040000 - 0x00007ffd9d0dc000 	C:\WINDOWS\System32\sechost.dll
0x00007ffd9d140000 - 0x00007ffd9d265000 	C:\WINDOWS\System32\RPCRT4.dll
0x00007ffd9cf60000 - 0x00007ffd9cf68000 	C:\WINDOWS\System32\PSAPI.DLL
0x00007ffd965a0000 - 0x00007ffd965c7000 	C:\WINDOWS\SYSTEM32\WINMM.dll
0x00007ffd995d0000 - 0x00007ffd995d9000 	C:\WINDOWS\SYSTEM32\WSOCK32.dll
0x00007ffd938d0000 - 0x00007ffd938da000 	C:\WINDOWS\SYSTEM32\VERSION.dll
0x00007ffd9cb10000 - 0x00007ffd9cb7b000 	C:\WINDOWS\System32\WS2_32.dll
0x00007ffd9aa60000 - 0x00007ffd9aa72000 	C:\WINDOWS\SYSTEM32\kernel.appcore.dll
0x00007ffd96250000 - 0x00007ffd96261000 	C:\Program Files\Android\Android Studio\jre\bin\verify.dll
0x00007ffd7edf0000 - 0x00007ffd7efd4000 	C:\WINDOWS\SYSTEM32\DBGHELP.DLL
0x00007ffd8ca30000 - 0x00007ffd8ca5c000 	C:\WINDOWS\SYSTEM32\dbgcore.DLL
0x00007ffd9c340000 - 0x00007ffd9c3c2000 	C:\WINDOWS\System32\bcryptPrimitives.dll
0x00007ffd95cb0000 - 0x00007ffd95cd9000 	C:\Program Files\Android\Android Studio\jre\bin\java.dll
0x00007ffd97920000 - 0x00007ffd9792b000 	C:\Program Files\Android\Android Studio\jre\bin\jimage.dll
0x00007ffd961f0000 - 0x00007ffd96208000 	C:\Program Files\Android\Android Studio\jre\bin\zip.dll
0x00007ffd9da00000 - 0x00007ffd9e143000 	C:\WINDOWS\System32\SHELL32.dll
0x00007ffd9a110000 - 0x00007ffd9a8a1000 	C:\WINDOWS\SYSTEM32\windows.storage.dll
0x00007ffd9d2d0000 - 0x00007ffd9d624000 	C:\WINDOWS\System32\combase.dll
0x00007ffd9bc20000 - 0x00007ffd9bc50000 	C:\WINDOWS\SYSTEM32\Wldp.dll
0x00007ffd9e890000 - 0x00007ffd9e93d000 	C:\WINDOWS\System32\SHCORE.dll
0x00007ffd9d0e0000 - 0x00007ffd9d135000 	C:\WINDOWS\System32\shlwapi.dll
0x00007ffd9c100000 - 0x00007ffd9c11f000 	C:\WINDOWS\SYSTEM32\profapi.dll
0x00007ffd960e0000 - 0x00007ffd960fa000 	C:\Program Files\Android\Android Studio\jre\bin\net.dll
0x00007ffd92970000 - 0x00007ffd92a7d000 	C:\WINDOWS\SYSTEM32\WINHTTP.dll
0x00007ffd9b980000 - 0x00007ffd9b9ea000 	C:\WINDOWS\system32\mswsock.dll
0x00007ffd95c90000 - 0x00007ffd95ca4000 	C:\Program Files\Android\Android Studio\jre\bin\nio.dll
0x00007ffd7b890000 - 0x00007ffd7b8b7000 	C:\Users\Kawaiski\.gradle\native\e1d6ef7f7dcc3fd88c89a11ec53ec762bb8ba0a96d01ffa2cd45eb1d1d8dd5c5\windows-amd64\native-platform.dll
0x00007ffd6a5d0000 - 0x00007ffd6a714000 	C:\Users\Kawaiski\.gradle\native\0d407fdbe67a94daf76414ababcb853783967236a71b16ec16e742cd7a986fd3\windows-amd64\native-platform-file-events.dll
0x00007ffd965d0000 - 0x00007ffd965da000 	C:\Program Files\Android\Android Studio\jre\bin\management.dll
0x00007ffd962b0000 - 0x00007ffd962bd000 	C:\Program Files\Android\Android Studio\jre\bin\management_ext.dll
0x00007ffd9bb70000 - 0x00007ffd9bb88000 	C:\WINDOWS\SYSTEM32\CRYPTSP.dll
0x00007ffd9b230000 - 0x00007ffd9b264000 	C:\WINDOWS\system32\rsaenh.dll
0x00007ffd9c1c0000 - 0x00007ffd9c1e7000 	C:\WINDOWS\System32\bcrypt.dll
0x00007ffd9c080000 - 0x00007ffd9c0ae000 	C:\WINDOWS\SYSTEM32\USERENV.dll
0x00007ffd9bb90000 - 0x00007ffd9bb9c000 	C:\WINDOWS\SYSTEM32\CRYPTBASE.dll
0x00007ffd9b620000 - 0x00007ffd9b65b000 	C:\WINDOWS\SYSTEM32\IPHLPAPI.DLL
0x00007ffd9d030000 - 0x00007ffd9d038000 	C:\WINDOWS\System32\NSI.dll
0x00007ffd96580000 - 0x00007ffd96597000 	C:\WINDOWS\SYSTEM32\dhcpcsvc6.DLL
0x00007ffd930d0000 - 0x00007ffd930ed000 	C:\WINDOWS\SYSTEM32\dhcpcsvc.DLL
0x00007ffd9b670000 - 0x00007ffd9b73a000 	C:\WINDOWS\SYSTEM32\DNSAPI.dll

dbghelp: loaded successfully - version: 4.0.5 - missing functions: none
symbol engine: initialized successfully - sym options: 0x614 - pdb path: .;C:\Program Files\Android\Android Studio\jre\bin;C:\WINDOWS\SYSTEM32;C:\WINDOWS\WinSxS\amd64_microsoft.windows.common-controls_6595b64144ccf1df_6.0.19041.1110_none_60b5254171f9507e;C:\Program Files\Android\Android Studio\jre\bin\server;C:\Users\Kawaiski\.gradle\native\e1d6ef7f7dcc3fd88c89a11ec53ec762bb8ba0a96d01ffa2cd45eb1d1d8dd5c5\windows-amd64;C:\Users\Kawaiski\.gradle\native\0d407fdbe67a94daf76414ababcb853783967236a71b16ec16e742cd7a986fd3\windows-amd64

VM Arguments:
jvm_args: --add-opens=java.base/java.util=ALL-UNNAMED --add-opens=java.base/java.lang=ALL-UNNAMED --add-opens=java.base/java.lang.invoke=ALL-UNNAMED --add-opens=java.base/java.util=ALL-UNNAMED --add-opens=java.prefs/java.util.prefs=ALL-UNNAMED --add-opens=java.prefs/java.util.prefs=ALL-UNNAMED --add-opens=java.base/java.nio.charset=ALL-UNNAMED --add-opens=java.base/java.net=ALL-UNNAMED --add-opens=java.base/java.util.concurrent.atomic=ALL-UNNAMED -Xmx2048m -Dfile.encoding=UTF-8 -Duser.country=MX -Duser.language=es -Duser.variant 
java_command: org.gradle.launcher.daemon.bootstrap.GradleDaemon 7.4
java_class_path (initial): C:\Users\Kawaiski\.gradle\wrapper\dists\gradle-7.4-bin\c0gwcg53nkjbqw7r0h0umtfvt\gradle-7.4\lib\gradle-launcher-7.4.jar
Launcher Type: SUN_STANDARD

[Global flags]
     intx CICompilerCount                          = 3                                         {product} {ergonomic}
     uint ConcGCThreads                            = 1                                         {product} {ergonomic}
     uint G1ConcRefinementThreads                  = 4                                         {product} {ergonomic}
   size_t G1HeapRegionSize                         = 1048576                                   {product} {ergonomic}
    uintx GCDrainStackTargetSize                   = 64                                        {product} {ergonomic}
   size_t InitialHeapSize                          = 134217728                                 {product} {ergonomic}
   size_t MarkStackSize                            = 4194304                                   {product} {ergonomic}
   size_t MaxHeapSize                              = 2147483648                                {product} {command line}
   size_t MaxNewSize                               = 1287651328                                {product} {ergonomic}
   size_t MinHeapDeltaBytes                        = 1048576                                   {product} {ergonomic}
    uintx NonNMethodCodeHeapSize                   = 5830732                                {pd product} {ergonomic}
    uintx NonProfiledCodeHeapSize                  = 122913754                              {pd product} {ergonomic}
    uintx ProfiledCodeHeapSize                     = 122913754                              {pd product} {ergonomic}
    uintx ReservedCodeCacheSize                    = 251658240                              {pd product} {ergonomic}
     bool SegmentedCodeCache                       = true                                      {product} {ergonomic}
     bool UseCompressedClassPointers               = true                                 {lp64_product} {ergonomic}
     bool UseCompressedOops                        = true                                 {lp64_product} {ergonomic}
     bool UseG1GC                                  = true                                      {product} {ergonomic}
     bool UseLargePagesIndividualAllocation        = false                                  {pd product} {ergonomic}

Logging:
Log output configuration:
 #0: stdout all=warning uptime,level,tags
 #1: stderr all=off uptime,level,tags

Environment Variables:
PATH=C:\Program Files\Common Files\Oracle\Java\javapath;C:\Program Files (x86)\Common Files\Oracle\Java\javapath;C:\Windows\system32;C:\Windows;C:\Windows\System32\Wbem;C:\Windows\System32\WindowsPowerShell\v1.0\;C:\WINDOWS\system32;C:\WINDOWS;C:\WINDOWS\System32\Wbem;C:\WINDOWS\System32\WindowsPowerShell\v1.0\;C:\WINDOWS\System32\OpenSSH\;C:\Users\Kawaiski\.dnx\bin;C:\Program Files\Microsoft DNX\Dnvm\;C:\Program Files\Microsoft SQL Server\130\Tools\Binn\;C:\Program Files\NVIDIA Corporation\NVIDIA NvDLISR;C:\WINDOWS\system32;C:\WINDOWS;C:\WINDOWS\System32\Wbem;C:\WINDOWS\System32\WindowsPowerShell\v1.0\;C:\WINDOWS\System32\OpenSSH\;C:\Program Files (x86)\NVIDIA Corporation\PhysX\Common;C:\xampp\php;C:\cassandra\bin;C:\Python27;C:\ProgramData\chocolatey\bin;C:\Program Files\dotnet\;C:\Program Files\MySQL\MySQL Server 8.0;C:\Program Files\MySQL\MySQL Server 8.0\bin;C:\ProgramData\ComposerSetup\bin;C:\Program Files\Git\cmd;C:\Users\Kawaiski\AppData\Local\Microsoft\WindowsApps;C:\Users\Kawaiski\AppData\Local\Programs\Microsoft VS Code\bin;C:\Users\Kawaiski\AppData\Local\atom\bin;C:\Users\Kawaiski\AppData\Local\Microsoft\WindowsApps;C:\Users\Kawaiski\AppData\Roaming\Composer\vendor\bin;C:\Program Files\MongoDB\Server\4.2\bin;C:\Program Files\MySQL\MySQL Server 8.0;C:\Program Files\MySQL\MySQL Server 8.0\bin
USERNAME=Kawaiski
OS=Windows_NT
PROCESSOR_IDENTIFIER=AMD64 Family 16 Model 4 Stepping 3, AuthenticAMD



---------------  S Y S T E M  ---------------

OS: Windows 10 , 64 bit Build 19041 (10.0.19041.1889)
OS uptime: 1 days 21:10 hours

CPU:total 4 (initial active 4) (4 cores per cpu, 1 threads per core) family 16 model 4 stepping 3 microcode 0x0, cmov, cx8, fxsr, mmx, sse, sse2, sse3, popcnt, mmxext, 3dnowpref, lzcnt, sse4a, tsc, tscinvbit, tscinv

Memory: 4k page, system-wide physical 8191M (2286M free)
TotalPageFile size 12315M (AvailPageFile size 4748M)
current process WorkingSet (physical memory assigned to process): 408M, peak: 408M
current process commit charge ("private bytes"): 480M, peak: 480M

vm_info: OpenJDK 64-Bit Server VM (11.0.13+0-b1751.21-8125866) for windows-amd64 JRE (11.0.13+0-b1751.21-8125866), built on Feb  2 2022 03:00:22 by "builder" with MS VC++ 14.0 (VS2015)

END.
